Added Component: Designator=Arduino Mega(ARDUINO MEGA)
Added Component: Designator=C1(CP1.5/3.4)
Add component (AddParameter): Name = "Description 1"; Value = "1000uF/6,3V - 470uF/16V - 330uF - 25V"; VariantName = "[No Variations]"
Add component (AddParameter): Name = "Description 2"; Value = "220uF/35V - 100uF/50V - 63V - 4,7uF/200V"; VariantName = "[No Variations]"
Add component (AddParameter): Name = "Description 3"; Value = "22uF => 33uF100V - 3,3uF => 4,7uF/250V"; VariantName = "[No Variations]"
Add component (AddParameter): Name = "Description 4"; Value = "2,2uF =>3,3uF/350 - 2,2uF/400V - 1uF/450V"; VariantName = "[No Variations]"
Add component (AddParameter): Name = "Value"; Value = "100uF/35V/50V"; VariantName = "[No Variations]"
Added Component: Designator=C2(CP1.5/3.4)
Add component (AddParameter): Name = "Description 1"; Value = "1000uF/6,3V - 470uF/16V - 330uF - 25V"; VariantName = "[No Variations]"
Add component (AddParameter): Name = "Description 2"; Value = "220uF/35V - 100uF/50V - 63V - 4,7uF/200V"; VariantName = "[No Variations]"
Add component (AddParameter): Name = "Description 3"; Value = "22uF => 33uF100V - 3,3uF => 4,7uF/250V"; VariantName = "[No Variations]"
Add component (AddParameter): Name = "Description 4"; Value = "2,2uF =>3,3uF/350 - 2,2uF/400V - 1uF/450V"; VariantName = "[No Variations]"
Add component (AddParameter): Name = "Value"; Value = "100uF/35V/50V"; VariantName = "[No Variations]"
Added Component: Designator=C3(CN2)
Add component (AddParameter): Name = "Value"; Value = "0.1uF"; VariantName = "[No Variations]"
Added Component: Designator=C4(CN2)
Add component (AddParameter): Name = "Value"; Value = "0.1uF"; VariantName = "[No Variations]"
Added Component: Designator=C5(CP1.5/3.4)
Add component (AddParameter): Name = "Description 1"; Value = "1000uF/6,3V - 470uF/16V - 330uF - 25V"; VariantName = "[No Variations]"
Add component (AddParameter): Name = "Description 2"; Value = "220uF/35V - 100uF/50V - 63V - 4,7uF/200V"; VariantName = "[No Variations]"
Add component (AddParameter): Name = "Description 3"; Value = "22uF => 33uF100V - 3,3uF => 4,7uF/250V"; VariantName = "[No Variations]"
Add component (AddParameter): Name = "Description 4"; Value = "2,2uF =>3,3uF/350 - 2,2uF/400V - 1uF/450V"; VariantName = "[No Variations]"
Add component (AddParameter): Name = "Value"; Value = "100uF/35V/50V"; VariantName = "[No Variations]"
Added Component: Designator=C6(CP1.5/3.4)
Add component (AddParameter): Name = "Description 1"; Value = "1000uF/6,3V - 470uF/16V - 330uF - 25V"; VariantName = "[No Variations]"
Add component (AddParameter): Name = "Description 2"; Value = "220uF/35V - 100uF/50V - 63V - 4,7uF/200V"; VariantName = "[No Variations]"
Add component (AddParameter): Name = "Description 3"; Value = "22uF => 33uF100V - 3,3uF => 4,7uF/250V"; VariantName = "[No Variations]"
Add component (AddParameter): Name = "Description 4"; Value = "2,2uF =>3,3uF/350 - 2,2uF/400V - 1uF/450V"; VariantName = "[No Variations]"
Add component (AddParameter): Name = "Value"; Value = "100uF/35V/50V"; VariantName = "[No Variations]"
Added Component: Designator=C7(CP1.5/3.4)
Add component (AddParameter): Name = "Description 1"; Value = "1000uF/6,3V - 470uF/16V - 330uF - 25V"; VariantName = "[No Variations]"
Add component (AddParameter): Name = "Description 2"; Value = "220uF/35V - 100uF/50V - 63V - 4,7uF/200V"; VariantName = "[No Variations]"
Add component (AddParameter): Name = "Description 3"; Value = "22uF => 33uF100V - 3,3uF => 4,7uF/250V"; VariantName = "[No Variations]"
Add component (AddParameter): Name = "Description 4"; Value = "2,2uF =>3,3uF/350 - 2,2uF/400V - 1uF/450V"; VariantName = "[No Variations]"
Add component (AddParameter): Name = "Value"; Value = "100uF/35V/50V"; VariantName = "[No Variations]"
Added Component: Designator=C8(CN1.5)
Add component (AddParameter): Name = "Value"; Value = "0.01uF"; VariantName = "[No Variations]"
Added Component: Designator=C9(CN1.5)
Add component (AddParameter): Name = "Value"; Value = "0.01uF"; VariantName = "[No Variations]"
Added Component: Designator=C10(CN1.5)
Add component (AddParameter): Name = "Value"; Value = "0.01uF"; VariantName = "[No Variations]"
Added Component: Designator=C11(CN1.5)
Add component (AddParameter): Name = "Value"; Value = "0.01uF"; VariantName = "[No Variations]"
Added Component: Designator=C12(CN1.5)
Add component (AddParameter): Name = "Value"; Value = "0.01uF"; VariantName = "[No Variations]"
Added Component: Designator=Cx1(CN1)
Add component (AddParameter): Name = "Value"; Value = "33pF"; VariantName = "[No Variations]"
Added Component: Designator=Cx2(CN1)
Add component (AddParameter): Name = "Value"; Value = "33pF"; VariantName = "[No Variations]"
Added Component: Designator=Cx3(CN1)
Add component (AddParameter): Name = "Value"; Value = "33pF"; VariantName = "[No Variations]"
Added Component: Designator=Cx4(CN1)
Add component (AddParameter): Name = "Value"; Value = "33pF"; VariantName = "[No Variations]"
Added Component: Designator=Cx5(CN1)
Add component (AddParameter): Name = "Value"; Value = "33pF"; VariantName = "[No Variations]"
Added Component: Designator=Cx6(CN1)
Add component (AddParameter): Name = "Value"; Value = "33pF"; VariantName = "[No Variations]"
Added Component: Designator=Cx7(CN1)
Add component (AddParameter): Name = "Value"; Value = "33pF"; VariantName = "[No Variations]"
Added Component: Designator=Cx8(CN1)
Add component (AddParameter): Name = "Value"; Value = "33pF"; VariantName = "[No Variations]"
Added Component: Designator=Cx9(CN1)
Add component (AddParameter): Name = "Value"; Value = "33pF"; VariantName = "[No Variations]"
Added Component: Designator=Cx10(CN1)
Add component (AddParameter): Name = "Value"; Value = "33pF"; VariantName = "[No Variations]"
Added Component: Designator=Cx11(CN1)
Add component (AddParameter): Name = "Value"; Value = "33pF"; VariantName = "[No Variations]"
Added Component: Designator=Cx12(CN1)
Add component (AddParameter): Name = "Value"; Value = "33pF"; VariantName = "[No Variations]"
Added Component: Designator=D1(D1A)
Add component (AddParameter): Name = "Value"; Value = "1N4007"; VariantName = "[No Variations]"
Added Component: Designator=D2(D1A)
Add component (AddParameter): Name = "Value"; Value = "1N4007"; VariantName = "[No Variations]"
Added Component: Designator=D3(D1A)
Add component (AddParameter): Name = "Value"; Value = "1N4007"; VariantName = "[No Variations]"
Added Component: Designator=D4(D1A)
Add component (AddParameter): Name = "Value"; Value = "1N4007"; VariantName = "[No Variations]"
Added Component: Designator=D5(D1A)
Add component (AddParameter): Name = "Value"; Value = "1N4007"; VariantName = "[No Variations]"
Added Component: Designator=D6(D1A)
Add component (AddParameter): Name = "Value"; Value = "1N4007"; VariantName = "[No Variations]"
Added Component: Designator=HD1(HED4)
Add component (AddParameter): Name = "Value"; Value = "Header 4"; VariantName = "[No Variations]"
Added Component: Designator=HD2(HED4)
Add component (AddParameter): Name = "Value"; Value = "Header 4"; VariantName = "[No Variations]"
Added Component: Designator=HD3(HED3)
Add component (AddParameter): Name = "Value"; Value = "Header 3"; VariantName = "[No Variations]"
Added Component: Designator=HD4(HED3)
Add component (AddParameter): Name = "Value"; Value = "Header 3"; VariantName = "[No Variations]"
Added Component: Designator=HD5(HED2)
Add component (AddParameter): Name = "Value"; Value = "Header 2"; VariantName = "[No Variations]"
Added Component: Designator=HD6(HED2)
Add component (AddParameter): Name = "Value"; Value = "Header 2"; VariantName = "[No Variations]"
Added Component: Designator=HD7(HED2)
Add component (AddParameter): Name = "Value"; Value = "Header 2"; VariantName = "[No Variations]"
Added Component: Designator=HD8(HED2)
Add component (AddParameter): Name = "Value"; Value = "Header 2"; VariantName = "[No Variations]"
Added Component: Designator=HD9(HED2)
Add component (AddParameter): Name = "Value"; Value = "Header 2"; VariantName = "[No Variations]"
Added Component: Designator=IC1(QTO-220)
Add component (AddParameter): Name = "Value"; Value = "LM7805"; VariantName = "[No Variations]"
Added Component: Designator=JDC1(DC-IN)
Add component (AddParameter): Name = "Value"; Value = "Jac DC"; VariantName = "[No Variations]"
Added Component: Designator=LED1(LED-3)
Add component (AddParameter): Name = "Value"; Value = "LED 3 ly Single Colour"; VariantName = "[No Variations]"
Added Component: Designator=LED2(LED-3)
Add component (AddParameter): Name = "Value"; Value = "LED 3 ly Single Colour"; VariantName = "[No Variations]"
Added Component: Designator=LED3(LED-3)
Add component (AddParameter): Name = "Value"; Value = "LED 3 ly Single Colour"; VariantName = "[No Variations]"
Added Component: Designator=LED4(LED-3)
Add component (AddParameter): Name = "Value"; Value = "LED 3 ly Single Colour"; VariantName = "[No Variations]"
Added Component: Designator=LED5(LED-3)
Add component (AddParameter): Name = "Value"; Value = "LED 3 ly Single Colour"; VariantName = "[No Variations]"
Added Component: Designator=LED6(LED-3)
Add component (AddParameter): Name = "Value"; Value = "LED 3 ly Single Colour"; VariantName = "[No Variations]"
Added Component: Designator=LS1(CUI_CCG-1206)
Add component (AddParameter): Name = "Availability"; Value = "Unavailable"; VariantName = "[No Variations]"
Add component (AddParameter): Name = "MF"; Value = ""; VariantName = "[No Variations]"
Add component (AddParameter): Name = "MP"; Value = "CCG-1206"; VariantName = "[No Variations]"
Add component (AddParameter): Name = "Package"; Value = "None"; VariantName = "[No Variations]"
Add component (AddParameter): Name = "Price"; Value = "None"; VariantName = "[No Variations]"
Add component (AddParameter): Name = "Value"; Value = ""; VariantName = "[No Variations]"
Added Component: Designator=P1(HDR1X14)
Add component (AddParameter): Name = "LatestRevisionDate"; Value = "17-Jul-2002"; VariantName = "[No Variations]"
Add component (AddParameter): Name = "LatestRevisionNote"; Value = "Re-released for DXP Platform."; VariantName = "[No Variations]"
Add component (AddParameter): Name = "Publisher"; Value = "Altium Limited"; VariantName = "[No Variations]"
Added Component: Designator=Q1(QTO-92)
Add component (AddParameter): Name = "Value"; Value = "C1815"; VariantName = "[No Variations]"
Added Component: Designator=Q2(QTO-92)
Add component (AddParameter): Name = "Value"; Value = "C1815"; VariantName = "[No Variations]"
Added Component: Designator=Q3(QTO-92)
Add component (AddParameter): Name = "Value"; Value = "C1815"; VariantName = "[No Variations]"
Added Component: Designator=Q4(QTO-92)
Add component (AddParameter): Name = "Value"; Value = "C1815"; VariantName = "[No Variations]"
Added Component: Designator=Q5(QTO-92)
Add component (AddParameter): Name = "Value"; Value = "C1815"; VariantName = "[No Variations]"
Added Component: Designator=R1(R1/4W)
Add component (AddParameter): Name = "Value"; Value = "R1/4W - 1K"; VariantName = "[No Variations]"
Added Component: Designator=R2(R1/4W)
Add component (AddParameter): Name = "Value"; Value = "R1/4W - 1K"; VariantName = "[No Variations]"
Added Component: Designator=R3(R1/4W)
Add component (AddParameter): Name = "Value"; Value = "R1/4W - 1K"; VariantName = "[No Variations]"
Added Component: Designator=R4(R1/4W)
Add component (AddParameter): Name = "Value"; Value = "R1/4W - 1K"; VariantName = "[No Variations]"
Added Component: Designator=R5(R1/4W)
Add component (AddParameter): Name = "Value"; Value = "R1/4W - 1K"; VariantName = "[No Variations]"
Added Component: Designator=R6(R1/4W)
Add component (AddParameter): Name = "Value"; Value = "R1/4W - 1K"; VariantName = "[No Variations]"
Added Component: Designator=R7(R1/4W)
Add component (AddParameter): Name = "Value"; Value = "R1/4W - 1K"; VariantName = "[No Variations]"
Added Component: Designator=R8(R1/4W)
Add component (AddParameter): Name = "Value"; Value = "R1/4W - 1K"; VariantName = "[No Variations]"
Added Component: Designator=R9(R1/4W)
Add component (AddParameter): Name = "Value"; Value = "R1/4W - 1K"; VariantName = "[No Variations]"
Added Component: Designator=R10(R1/4W)
Add component (AddParameter): Name = "Value"; Value = "R1/4W - 1K"; VariantName = "[No Variations]"
Added Component: Designator=R11(R1/4W)
Add component (AddParameter): Name = "Value"; Value = "R1/4W - 1K"; VariantName = "[No Variations]"
Added Component: Designator=R12(R1/4W)
Add component (AddParameter): Name = "Value"; Value = "R1/4W - 1K"; VariantName = "[No Variations]"
Added Component: Designator=R13(R1/4W)
Add component (AddParameter): Name = "Value"; Value = "R1/4W - 1K"; VariantName = "[No Variations]"
Added Component: Designator=R14(R1/4W)
Add component (AddParameter): Name = "Value"; Value = "R1/4W - 1K"; VariantName = "[No Variations]"
Added Component: Designator=R15(R1/4W)
Add component (AddParameter): Name = "Value"; Value = "R1/4W - 1K"; VariantName = "[No Variations]"
Added Component: Designator=R16(R1/4W)
Add component (AddParameter): Name = "Value"; Value = "R1/4W - 1K"; VariantName = "[No Variations]"
Added Component: Designator=R17(R1/4W)
Add component (AddParameter): Name = "Value"; Value = "R1/4W - 1K"; VariantName = "[No Variations]"
Added Component: Designator=R18(R1/4W)
Add component (AddParameter): Name = "Value"; Value = "R1/4W - 1K"; VariantName = "[No Variations]"
Added Component: Designator=R19(R1/4W)
Add component (AddParameter): Name = "Value"; Value = "R1/4W - 1K"; VariantName = "[No Variations]"
Added Component: Designator=R20(R1/4W)
Add component (AddParameter): Name = "Value"; Value = "R1/4W - 1K"; VariantName = "[No Variations]"
Added Component: Designator=R21(R1/4W)
Add component (AddParameter): Name = "Value"; Value = "R1/4W - 1K"; VariantName = "[No Variations]"
Added Component: Designator=R22(R1/4W)
Add component (AddParameter): Name = "Value"; Value = "R1/4W - 1K"; VariantName = "[No Variations]"
Added Component: Designator=RL1(RL_SPDT_10A)
Add component (AddParameter): Name = "Value"; Value = "Relay SPDT, 10A, 12V"; VariantName = "[No Variations]"
Added Component: Designator=RL2(RL_SPDT_10A)
Add component (AddParameter): Name = "Value"; Value = "Relay SPDT, 10A, 12V"; VariantName = "[No Variations]"
Added Component: Designator=RL3(RL_SPDT_10A)
Add component (AddParameter): Name = "Value"; Value = "Relay SPDT, 10A, 12V"; VariantName = "[No Variations]"
Added Component: Designator=RL4(RL_SPDT_10A)
Add component (AddParameter): Name = "Value"; Value = "Relay SPDT, 10A, 12V"; VariantName = "[No Variations]"
Added Component: Designator=RL5(RL_SPDT_10A)
Add component (AddParameter): Name = "Value"; Value = "Relay SPDT, 10A, 12V"; VariantName = "[No Variations]"
Added Component: Designator=SW1(SW2)
Add component (AddParameter): Name = "Value"; Value = "SW chip 2 pin"; VariantName = "[No Variations]"
Added Component: Designator=SW2(SW2)
Add component (AddParameter): Name = "Value"; Value = "SW chip 2 pin"; VariantName = "[No Variations]"
Added Component: Designator=SW3(SW2)
Add component (AddParameter): Name = "Value"; Value = "SW chip 2 pin"; VariantName = "[No Variations]"
Added Component: Designator=SW4(SW2)
Add component (AddParameter): Name = "Value"; Value = "SW chip 2 pin"; VariantName = "[No Variations]"
Added Component: Designator=SW5(SW2)
Add component (AddParameter): Name = "Value"; Value = "SW chip 2 pin"; VariantName = "[No Variations]"
Added Component: Designator=SW6(SW2)
Add component (AddParameter): Name = "Value"; Value = "SW chip 2 pin"; VariantName = "[No Variations]"
Added Component: Designator=SW7(SW2)
Add component (AddParameter): Name = "Value"; Value = "SW chip 2 pin"; VariantName = "[No Variations]"
Added Component: Designator=U1(DIP4/W0.3)
Add component (AddParameter): Name = "Value"; Value = "PC817"; VariantName = "[No Variations]"
Added Component: Designator=U2(DIP4/W0.3)
Add component (AddParameter): Name = "Value"; Value = "PC817"; VariantName = "[No Variations]"
Added Component: Designator=U3(DIP4/W0.3)
Add component (AddParameter): Name = "Value"; Value = "PC817"; VariantName = "[No Variations]"
Added Component: Designator=U4(DIP4/W0.3)
Add component (AddParameter): Name = "Value"; Value = "PC817"; VariantName = "[No Variations]"
Added Component: Designator=U5(DIP4/W0.3)
Add component (AddParameter): Name = "Value"; Value = "PC817"; VariantName = "[No Variations]"
Added Component: Designator=U6(MODULE_ESP32_DEVKIT_V1)
Add component (AddParameter): Name = "Availability"; Value = "Not in stock"; VariantName = "[No Variations]"
Add component (AddParameter): Name = "Check_prices"; Value = "https://www.snapeda.com/parts/ESP32-DEVKIT-V1/Do+it/view-part/?ref=eda"; VariantName = "[No Variations]"
Add component (AddParameter): Name = "MF"; Value = "Do it"; VariantName = "[No Variations]"
Add component (AddParameter): Name = "MP"; Value = "ESP32-DEVKIT-V1"; VariantName = "[No Variations]"
Add component (AddParameter): Name = "Package"; Value = "None"; VariantName = "[No Variations]"
Add component (AddParameter): Name = "Price"; Value = "None"; VariantName = "[No Variations]"
Add component (AddParameter): Name = "SnapEDA_Link"; Value = "https://www.snapeda.com/parts/ESP32-DEVKIT-V1/Do+it/view-part/?ref=snap"; VariantName = "[No Variations]"
Add component (AddParameter): Name = "Value"; Value = ""; VariantName = "[No Variations]"
Added Component: Designator=VR1(TO254P1054X470X1955-3)
Add component (AddParameter): Name = "Availability"; Value = "In Stock"; VariantName = "[No Variations]"
Add component (AddParameter): Name = "Check_prices"; Value = "https://www.snapeda.com/parts/LM1117T-3.3/NOPB/Texas+Instruments/view-part/?ref=eda"; VariantName = "[No Variations]"
Add component (AddParameter): Name = "MF"; Value = "Texas Instruments"; VariantName = "[No Variations]"
Add component (AddParameter): Name = "MP"; Value = "LM1117T-3.3/NOPB"; VariantName = "[No Variations]"
Add component (AddParameter): Name = "Package"; Value = "TO-220-3 Texas Instruments"; VariantName = "[No Variations]"
Add component (AddParameter): Name = "Price"; Value = "None"; VariantName = "[No Variations]"
Add component (AddParameter): Name = "Purchase-URL"; Value = "https://pricing.snapeda.com/search/part/LM1117T-3.3/NOPB/?ref=eda"; VariantName = "[No Variations]"
Add component (AddParameter): Name = "SnapEDA_Link"; Value = "https://www.snapeda.com/parts/LM1117T-3.3/NOPB/Texas+Instruments/view-part/?ref=snap"; VariantName = "[No Variations]"
Add component (AddParameter): Name = "Value"; Value = ""; VariantName = "[No Variations]"
Added Pin To Net: NetName=btn_temp Pin=Arduino Mega-4
Added Pin To Net: NetName=btn_levelwater Pin=Arduino Mega-5
Added Pin To Net: NetName=btn_oxi Pin=Arduino Mega-6
Added Pin To Net: NetName=btn_pH Pin=Arduino Mega-7
Added Pin To Net: NetName=btn_mode Pin=Arduino Mega-8
Added Pin To Net: NetName=btn_doduc Pin=Arduino Mega-9
Added Pin To Net: NetName=btn_rst Pin=Arduino Mega-10
Added Pin To Net: NetName=NetArduino Mega_18 Pin=Arduino Mega-18
Added Pin To Net: NetName=RX_arduino Pin=Arduino Mega-19
Added Pin To Net: NetName=R_oxi Pin=Arduino Mega-23
Added Pin To Net: NetName=R_doduc Pin=Arduino Mega-25
Added Pin To Net: NetName=R_pH Pin=Arduino Mega-27
Added Pin To Net: NetName=R_temp Pin=Arduino Mega-29
Added Pin To Net: NetName=R_levelwater Pin=Arduino Mega-31
Added Pin To Net: NetName=buzzer Pin=Arduino Mega-34
Added Pin To Net: NetName=SR04-Digit2 Pin=Arduino Mega-45
Added Pin To Net: NetName=SR04-Digit1 Pin=Arduino Mega-47
Added Pin To Net: NetName=DS18B20_digital Pin=Arduino Mega-49
Added Pin To Net: NetName=VCC Pin=Arduino Mega-59
Added Pin To Net: NetName=Turbidity Analog Pin=Arduino Mega-74
Added Pin To Net: NetName=pH4502C-Analog Pin=Arduino Mega-75
Added Pin To Net: NetName=GND Pin=Arduino Mega-79
Added Pin To Net: NetName=5V Pin=C1-1
Added Pin To Net: NetName=GND Pin=C1-2
Added Pin To Net: NetName=3.3V Pin=C2-1
Added Pin To Net: NetName=GND Pin=C2-2
Added Pin To Net: NetName=GND Pin=C3-1
Added Pin To Net: NetName=5V Pin=C3-2
Added Pin To Net: NetName=GND Pin=C4-1
Added Pin To Net: NetName=3.3V Pin=C4-2
Added Pin To Net: NetName=VCC Pin=C5-1
Added Pin To Net: NetName=GND Pin=C5-2
Added Pin To Net: NetName=5V Pin=C6-1
Added Pin To Net: NetName=GND Pin=C6-2
Added Pin To Net: NetName=5V Pin=C7-1
Added Pin To Net: NetName=GND Pin=C7-2
Added Pin To Net: NetName=5V Pin=C8-1
Added Pin To Net: NetName=NetC8_2 Pin=C8-2
Added Pin To Net: NetName=5V Pin=C9-1
Added Pin To Net: NetName=NetC9_2 Pin=C9-2
Added Pin To Net: NetName=5V Pin=C10-1
Added Pin To Net: NetName=NetC10_2 Pin=C10-2
Added Pin To Net: NetName=5V Pin=C11-1
Added Pin To Net: NetName=NetC11_2 Pin=C11-2
Added Pin To Net: NetName=5V Pin=C12-1
Added Pin To Net: NetName=NetC12_2 Pin=C12-2
Added Pin To Net: NetName=btn_pH Pin=Cx1-1
Added Pin To Net: NetName=GND Pin=Cx1-2
Added Pin To Net: NetName=btn_oxi Pin=Cx2-1
Added Pin To Net: NetName=GND Pin=Cx2-2
Added Pin To Net: NetName=btn_levelwater Pin=Cx3-1
Added Pin To Net: NetName=GND Pin=Cx3-2
Added Pin To Net: NetName=NetCx4_1 Pin=Cx4-1
Added Pin To Net: NetName=GND Pin=Cx4-2
Added Pin To Net: NetName=NetCx5_1 Pin=Cx5-1
Added Pin To Net: NetName=GND Pin=Cx5-2
Added Pin To Net: NetName=btn_temp Pin=Cx6-1
Added Pin To Net: NetName=GND Pin=Cx6-2
Added Pin To Net: NetName=btn_rst Pin=Cx7-1
Added Pin To Net: NetName=GND Pin=Cx7-2
Added Pin To Net: NetName=btn_doduc Pin=Cx8-1
Added Pin To Net: NetName=GND Pin=Cx8-2
Added Pin To Net: NetName=btn_mode Pin=Cx9-1
Added Pin To Net: NetName=GND Pin=Cx9-2
Added Pin To Net: NetName=NetCx10_1 Pin=Cx10-1
Added Pin To Net: NetName=GND Pin=Cx10-2
Added Pin To Net: NetName=NetCx11_1 Pin=Cx11-1
Added Pin To Net: NetName=GND Pin=Cx11-2
Added Pin To Net: NetName=NetCx12_1 Pin=Cx12-1
Added Pin To Net: NetName=GND Pin=Cx12-2
Added Pin To Net: NetName=NetD1_1 Pin=D1-1
Added Pin To Net: NetName=VCC Pin=D1-2
Added Pin To Net: NetName=NetC8_2 Pin=D2-1
Added Pin To Net: NetName=5V Pin=D2-2
Added Pin To Net: NetName=NetC9_2 Pin=D3-1
Added Pin To Net: NetName=5V Pin=D3-2
Added Pin To Net: NetName=NetC10_2 Pin=D4-1
Added Pin To Net: NetName=5V Pin=D4-2
Added Pin To Net: NetName=NetC11_2 Pin=D5-1
Added Pin To Net: NetName=5V Pin=D5-2
Added Pin To Net: NetName=5V Pin=D6-2
Added Pin To Net: NetName=5V Pin=HD1-1
Added Pin To Net: NetName=SR04-Digit1 Pin=HD1-2
Added Pin To Net: NetName=SR04-Digit2 Pin=HD1-3
Added Pin To Net: NetName=GND Pin=HD1-4
Added Pin To Net: NetName=5V Pin=HD2-1
Added Pin To Net: NetName=GND Pin=HD2-2
Added Pin To Net: NetName=GND Pin=HD2-3
Added Pin To Net: NetName=pH4502C-Analog Pin=HD2-4
Added Pin To Net: NetName=5V Pin=HD3-1
Added Pin To Net: NetName=DS18B20_digital Pin=HD3-2
Added Pin To Net: NetName=GND Pin=HD3-3
Added Pin To Net: NetName=5V Pin=HD4-1
Added Pin To Net: NetName=Turbidity Analog Pin=HD4-2
Added Pin To Net: NetName=GND Pin=HD4-3
Added Pin To Net: NetName=NetHD8_1 Pin=HD8-1
Added Pin To Net: NetName=NetHD8_2 Pin=HD8-2
Added Pin To Net: NetName=NetHD9_1 Pin=HD9-1
Added Pin To Net: NetName=NetHD9_2 Pin=HD9-2
Added Pin To Net: NetName=VCC Pin=IC1-1
Added Pin To Net: NetName=GND Pin=IC1-2
Added Pin To Net: NetName=5V Pin=IC1-3
Added Pin To Net: NetName=NetD1_1 Pin=JDC1-1
Added Pin To Net: NetName=GND Pin=JDC1-2
Added Pin To Net: NetName=GND Pin=JDC1-3
Added Pin To Net: NetName=NetLED1_1 Pin=LED1-1
Added Pin To Net: NetName=GND Pin=LED1-2
Added Pin To Net: NetName=NetLED2_1 Pin=LED2-1
Added Pin To Net: NetName=R_oxi Pin=LED2-2
Added Pin To Net: NetName=NetLED3_1 Pin=LED3-1
Added Pin To Net: NetName=R_doduc Pin=LED3-2
Added Pin To Net: NetName=NetLED4_1 Pin=LED4-1
Added Pin To Net: NetName=R_pH Pin=LED4-2
Added Pin To Net: NetName=NetLED5_1 Pin=LED5-1
Added Pin To Net: NetName=R_temp Pin=LED5-2
Added Pin To Net: NetName=NetLED6_1 Pin=LED6-1
Added Pin To Net: NetName=R_levelwater Pin=LED6-2
Added Pin To Net: NetName=GND Pin=LS1-M
Added Pin To Net: NetName=NetLS1_P Pin=LS1-P
Added Pin To Net: NetName=3.3V Pin=P1-1
Added Pin To Net: NetName=GND Pin=P1-2
Added Pin To Net: NetName=CS Pin=P1-3
Added Pin To Net: NetName=RST Pin=P1-4
Added Pin To Net: NetName=D/C Pin=P1-5
Added Pin To Net: NetName=MOSI Pin=P1-6
Added Pin To Net: NetName=SCK Pin=P1-7
Added Pin To Net: NetName=LED Pin=P1-8
Added Pin To Net: NetName=MISO Pin=P1-9
Added Pin To Net: NetName=T_CLK Pin=P1-10
Added Pin To Net: NetName=T_CS Pin=P1-11
Added Pin To Net: NetName=T_DIN Pin=P1-12
Added Pin To Net: NetName=T_DO Pin=P1-13
Added Pin To Net: NetName=T_IRQ Pin=P1-14
Added Pin To Net: NetName=GND Pin=Q1-1
Added Pin To Net: NetName=NetC8_2 Pin=Q1-2
Added Pin To Net: NetName=NetCx4_1 Pin=Q1-3
Added Pin To Net: NetName=GND Pin=Q2-1
Added Pin To Net: NetName=NetC9_2 Pin=Q2-2
Added Pin To Net: NetName=NetCx5_1 Pin=Q2-3
Added Pin To Net: NetName=GND Pin=Q3-1
Added Pin To Net: NetName=NetC10_2 Pin=Q3-2
Added Pin To Net: NetName=NetCx10_1 Pin=Q3-3
Added Pin To Net: NetName=GND Pin=Q4-1
Added Pin To Net: NetName=NetC11_2 Pin=Q4-2
Added Pin To Net: NetName=NetCx11_1 Pin=Q4-3
Added Pin To Net: NetName=GND Pin=Q5-1
Added Pin To Net: NetName=NetC12_2 Pin=Q5-2
Added Pin To Net: NetName=NetCx12_1 Pin=Q5-3
Added Pin To Net: NetName=5V Pin=R1-1
Added Pin To Net: NetName=NetLED1_1 Pin=R1-2
Added Pin To Net: NetName=5V Pin=R2-1
Added Pin To Net: NetName=btn_pH Pin=R2-2
Added Pin To Net: NetName=5V Pin=R3-1
Added Pin To Net: NetName=btn_oxi Pin=R3-2
Added Pin To Net: NetName=5V Pin=R4-1
Added Pin To Net: NetName=btn_levelwater Pin=R4-2
Added Pin To Net: NetName=5V Pin=R5-1
Added Pin To Net: NetName=DS18B20_digital Pin=R5-2
Added Pin To Net: NetName=5V Pin=R6-1
Added Pin To Net: NetName=NetR6_2 Pin=R6-2
Added Pin To Net: NetName=5V Pin=R7-1
Added Pin To Net: NetName=NetR7_2 Pin=R7-2
Added Pin To Net: NetName=5V Pin=R8-1
Added Pin To Net: NetName=btn_temp Pin=R8-2
Added Pin To Net: NetName=5V Pin=R9-1
Added Pin To Net: NetName=btn_rst Pin=R9-2
Added Pin To Net: NetName=NetCx4_1 Pin=R10-1
Added Pin To Net: NetName=NetR10_2 Pin=R10-2
Added Pin To Net: NetName=NetCx5_1 Pin=R11-1
Added Pin To Net: NetName=NetR11_2 Pin=R11-2
Added Pin To Net: NetName=buzzer Pin=R12-1
Added Pin To Net: NetName=NetLS1_P Pin=R12-2
Added Pin To Net: NetName=5V Pin=R13-1
Added Pin To Net: NetName=5V Pin=R14-1
Added Pin To Net: NetName=5V Pin=R15-1
Added Pin To Net: NetName=btn_doduc Pin=R15-2
Added Pin To Net: NetName=5V Pin=R16-1
Added Pin To Net: NetName=btn_mode Pin=R16-2
Added Pin To Net: NetName=NetCx10_1 Pin=R17-1
Added Pin To Net: NetName=NetCx11_1 Pin=R18-1
Added Pin To Net: NetName=5V Pin=R19-1
Added Pin To Net: NetName=NetR19_2 Pin=R19-2
Added Pin To Net: NetName=NetCx12_1 Pin=R20-1
Added Pin To Net: NetName=NetR20_2 Pin=R20-2
Added Pin To Net: NetName=NetArduino Mega_18 Pin=R21-1
Added Pin To Net: NetName=TX_arduino Pin=R21-2
Added Pin To Net: NetName=TX_arduino Pin=R22-1
Added Pin To Net: NetName=GND Pin=R22-2
Added Pin To Net: NetName=NetC8_2 Pin=RL1-4
Added Pin To Net: NetName=5V Pin=RL1-5
Added Pin To Net: NetName=NetC9_2 Pin=RL2-4
Added Pin To Net: NetName=5V Pin=RL2-5
Added Pin To Net: NetName=NetC10_2 Pin=RL3-4
Added Pin To Net: NetName=5V Pin=RL3-5
Added Pin To Net: NetName=NetHD8_1 Pin=RL4-1
Added Pin To Net: NetName=NetHD8_2 Pin=RL4-3
Added Pin To Net: NetName=NetC11_2 Pin=RL4-4
Added Pin To Net: NetName=5V Pin=RL4-5
Added Pin To Net: NetName=NetHD9_1 Pin=RL5-1
Added Pin To Net: NetName=NetHD9_2 Pin=RL5-3
Added Pin To Net: NetName=NetC12_2 Pin=RL5-4
Added Pin To Net: NetName=5V Pin=RL5-5
Added Pin To Net: NetName=GND Pin=SW1-1
Added Pin To Net: NetName=btn_pH Pin=SW1-2
Added Pin To Net: NetName=GND Pin=SW2-1
Added Pin To Net: NetName=btn_oxi Pin=SW2-2
Added Pin To Net: NetName=GND Pin=SW3-1
Added Pin To Net: NetName=btn_levelwater Pin=SW3-2
Added Pin To Net: NetName=GND Pin=SW4-1
Added Pin To Net: NetName=btn_temp Pin=SW4-2
Added Pin To Net: NetName=GND Pin=SW5-1
Added Pin To Net: NetName=btn_rst Pin=SW5-2
Added Pin To Net: NetName=GND Pin=SW6-1
Added Pin To Net: NetName=btn_doduc Pin=SW6-2
Added Pin To Net: NetName=GND Pin=SW7-1
Added Pin To Net: NetName=btn_mode Pin=SW7-2
Added Pin To Net: NetName=NetR6_2 Pin=U1-1
Added Pin To Net: NetName=NetLED2_1 Pin=U1-2
Added Pin To Net: NetName=NetR10_2 Pin=U1-3
Added Pin To Net: NetName=5V Pin=U1-4
Added Pin To Net: NetName=NetR7_2 Pin=U2-1
Added Pin To Net: NetName=NetLED3_1 Pin=U2-2
Added Pin To Net: NetName=NetR11_2 Pin=U2-3
Added Pin To Net: NetName=5V Pin=U2-4
Added Pin To Net: NetName=NetLED4_1 Pin=U3-2
Added Pin To Net: NetName=5V Pin=U3-4
Added Pin To Net: NetName=NetLED5_1 Pin=U4-2
Added Pin To Net: NetName=5V Pin=U4-4
Added Pin To Net: NetName=NetR19_2 Pin=U5-1
Added Pin To Net: NetName=NetLED6_1 Pin=U5-2
Added Pin To Net: NetName=NetR20_2 Pin=U5-3
Added Pin To Net: NetName=5V Pin=U5-4
Added Pin To Net: NetName=GND Pin=U6-2
Added Pin To Net: NetName=CS Pin=U6-3
Added Pin To Net: NetName=D/C Pin=U6-4
Added Pin To Net: NetName=TX_arduino Pin=U6-6
Added Pin To Net: NetName=RX_arduino Pin=U6-7
Added Pin To Net: NetName=LED Pin=U6-11
Added Pin To Net: NetName=RST Pin=U6-16
Added Pin To Net: NetName=T_IRQ Pin=U6-17
Added Pin To Net: NetName=T_DO Pin=U6-18
Added Pin To Net: NetName=T_DIN Pin=U6-21
Added Pin To Net: NetName=T_CS Pin=U6-22
Added Pin To Net: NetName=T_CLK Pin=U6-23
Added Pin To Net: NetName=SCK Pin=U6-26
Added Pin To Net: NetName=MISO Pin=U6-27
Added Pin To Net: NetName=MOSI Pin=U6-28
Added Pin To Net: NetName=GND Pin=U6-29
Added Pin To Net: NetName=5V Pin=U6-30
Added Pin To Net: NetName=GND Pin=VR1-1
Added Pin To Net: NetName=3.3V Pin=VR1-2
Added Pin To Net: NetName=5V Pin=VR1-3
Added Pin To Net: NetName=NetHD5_1 Pin=HD5-1
Added Pin To Net: NetName=NetHD5_1 Pin=RL1-1
Added Net: Name=NetHD5_1
Added Pin To Net: NetName=NetHD5_2 Pin=HD5-2
Added Pin To Net: NetName=NetHD5_2 Pin=RL1-3
Added Net: Name=NetHD5_2
Added Pin To Net: NetName=NetHD6_1 Pin=HD6-1
Added Pin To Net: NetName=NetHD6_1 Pin=RL2-1
Added Net: Name=NetHD6_1
Added Pin To Net: NetName=NetHD6_2 Pin=HD6-2
Added Pin To Net: NetName=NetHD6_2 Pin=RL2-3
Added Net: Name=NetHD6_2
Added Pin To Net: NetName=NetHD7_1 Pin=HD7-1
Added Pin To Net: NetName=NetHD7_1 Pin=RL3-1
Added Net: Name=NetHD7_1
Added Pin To Net: NetName=NetHD7_2 Pin=HD7-2
Added Pin To Net: NetName=NetHD7_2 Pin=RL3-3
Added Net: Name=NetHD7_2
Added Pin To Net: NetName=NetR13_2 Pin=R13-2
Added Pin To Net: NetName=NetR13_2 Pin=U3-1
Added Net: Name=NetR13_2
Added Pin To Net: NetName=NetR14_2 Pin=R14-2
Added Pin To Net: NetName=NetR14_2 Pin=U4-1
Added Net: Name=NetR14_2
Added Pin To Net: NetName=NetR17_2 Pin=R17-2
Added Pin To Net: NetName=NetR17_2 Pin=U3-3
Added Net: Name=NetR17_2
Added Pin To Net: NetName=NetR18_2 Pin=R18-2
Added Pin To Net: NetName=NetR18_2 Pin=U4-3
Added Net: Name=NetR18_2
Added Member To Class: ClassName=Sheet2 Member=Component Arduino Mega
Added Member To Class: ClassName=Sheet2 Member=Component C1 100uF/35V
Added Member To Class: ClassName=Sheet2 Member=Component C2 100uF/35V
Added Member To Class: ClassName=Sheet2 Member=Component C3 104
Added Member To Class: ClassName=Sheet2 Member=Component C4 104
Added Member To Class: ClassName=Sheet2 Member=Component C5 220uF/35V
Added Member To Class: ClassName=Sheet2 Member=Component C6 0.1uF/35V
Added Member To Class: ClassName=Sheet2 Member=Component C7 10uF/35V
Added Member To Class: ClassName=Sheet2 Member=Component C8 103
Added Member To Class: ClassName=Sheet2 Member=Component C9 103
Added Member To Class: ClassName=Sheet2 Member=Component C10 103
Added Member To Class: ClassName=Sheet2 Member=Component C11 103
Added Member To Class: ClassName=Sheet2 Member=Component C12 103
Added Member To Class: ClassName=Sheet2 Member=Component Cx1 33pF
Added Member To Class: ClassName=Sheet2 Member=Component Cx2 33pF
Added Member To Class: ClassName=Sheet2 Member=Component Cx3 33pF
Added Member To Class: ClassName=Sheet2 Member=Component Cx4 33pF
Added Member To Class: ClassName=Sheet2 Member=Component Cx5 33pF
Added Member To Class: ClassName=Sheet2 Member=Component Cx6 33pF
Added Member To Class: ClassName=Sheet2 Member=Component Cx7 33pF
Added Member To Class: ClassName=Sheet2 Member=Component Cx8 33pF
Added Member To Class: ClassName=Sheet2 Member=Component Cx9 33pF
Added Member To Class: ClassName=Sheet2 Member=Component Cx10 33pF
Added Member To Class: ClassName=Sheet2 Member=Component Cx11 33pF
Added Member To Class: ClassName=Sheet2 Member=Component Cx12 33pF
Added Member To Class: ClassName=Sheet2 Member=Component D1 1N4007
Added Member To Class: ClassName=Sheet2 Member=Component D2 1N4007
Added Member To Class: ClassName=Sheet2 Member=Component D3 1N4007
Added Member To Class: ClassName=Sheet2 Member=Component D4 1N4007
Added Member To Class: ClassName=Sheet2 Member=Component D5 1N4007
Added Member To Class: ClassName=Sheet2 Member=Component D6 1N4007
Added Member To Class: ClassName=Sheet2 Member=Component HD1 Header 4
Added Member To Class: ClassName=Sheet2 Member=Component HD2 Header 4
Added Member To Class: ClassName=Sheet2 Member=Component HD3 Header 3
Added Member To Class: ClassName=Sheet2 Member=Component HD4 Header 3
Added Member To Class: ClassName=Sheet2 Member=Component HD5 Header 2
Added Member To Class: ClassName=Sheet2 Member=Component HD6 Header 2
Added Member To Class: ClassName=Sheet2 Member=Component HD7 Header 2
Added Member To Class: ClassName=Sheet2 Member=Component HD8 Header 2
Added Member To Class: ClassName=Sheet2 Member=Component HD9 Header 2
Added Member To Class: ClassName=Sheet2 Member=Component IC1 LM7805
Added Member To Class: ClassName=Sheet2 Member=Component JDC1 Jac DC
Added Member To Class: ClassName=Sheet2 Member=Component LED1 LED
Added Member To Class: ClassName=Sheet2 Member=Component LED2 LED
Added Member To Class: ClassName=Sheet2 Member=Component LED3 LED
Added Member To Class: ClassName=Sheet2 Member=Component LED4 LED
Added Member To Class: ClassName=Sheet2 Member=Component LED5 LED
Added Member To Class: ClassName=Sheet2 Member=Component LED6 LED
Added Member To Class: ClassName=Sheet2 Member=Component LS1 CCG-1206
Added Member To Class: ClassName=Sheet2 Member=Component P1 Header 14
Added Member To Class: ClassName=Sheet2 Member=Component Q1 C1815
Added Member To Class: ClassName=Sheet2 Member=Component Q2 C1815
Added Member To Class: ClassName=Sheet2 Member=Component Q3 C1815
Added Member To Class: ClassName=Sheet2 Member=Component Q4 C1815
Added Member To Class: ClassName=Sheet2 Member=Component Q5 C1815
Added Member To Class: ClassName=Sheet2 Member=Component R1 330
Added Member To Class: ClassName=Sheet2 Member=Component R2 1k
Added Member To Class: ClassName=Sheet2 Member=Component R3 1k
Added Member To Class: ClassName=Sheet2 Member=Component R4 1k
Added Member To Class: ClassName=Sheet2 Member=Component R5 1k
Added Member To Class: ClassName=Sheet2 Member=Component R6 1k
Added Member To Class: ClassName=Sheet2 Member=Component R7 1k
Added Member To Class: ClassName=Sheet2 Member=Component R8 1k
Added Member To Class: ClassName=Sheet2 Member=Component R9 1k
Added Member To Class: ClassName=Sheet2 Member=Component R10 1k
Added Member To Class: ClassName=Sheet2 Member=Component R11 1k
Added Member To Class: ClassName=Sheet2 Member=Component R12 100R
Added Member To Class: ClassName=Sheet2 Member=Component R13 1k
Added Member To Class: ClassName=Sheet2 Member=Component R14 1k
Added Member To Class: ClassName=Sheet2 Member=Component R15 1k
Added Member To Class: ClassName=Sheet2 Member=Component R16 1k
Added Member To Class: ClassName=Sheet2 Member=Component R17 1k
Added Member To Class: ClassName=Sheet2 Member=Component R18 1k
Added Member To Class: ClassName=Sheet2 Member=Component R19 1k
Added Member To Class: ClassName=Sheet2 Member=Component R20 1k
Added Member To Class: ClassName=Sheet2 Member=Component R21 1k
Added Member To Class: ClassName=Sheet2 Member=Component R22 2k
Added Member To Class: ClassName=Sheet2 Member=Component RL1 Relay 10A/5V
Added Member To Class: ClassName=Sheet2 Member=Component RL2 Relay 10A/5V
Added Member To Class: ClassName=Sheet2 Member=Component RL3 Relay 10A/5V
Added Member To Class: ClassName=Sheet2 Member=Component RL4 Relay 10A/5V
Added Member To Class: ClassName=Sheet2 Member=Component RL5 Relay 10A/5V
Added Member To Class: ClassName=Sheet2 Member=Component SW1 SW
Added Member To Class: ClassName=Sheet2 Member=Component SW2 SW
Added Member To Class: ClassName=Sheet2 Member=Component SW3 SW
Added Member To Class: ClassName=Sheet2 Member=Component SW4 SW
Added Member To Class: ClassName=Sheet2 Member=Component SW5 SW
Added Member To Class: ClassName=Sheet2 Member=Component SW6 SW
Added Member To Class: ClassName=Sheet2 Member=Component SW7 SW
Added Member To Class: ClassName=Sheet2 Member=Component U1 PC817
Added Member To Class: ClassName=Sheet2 Member=Component U2 PC817
Added Member To Class: ClassName=Sheet2 Member=Component U3 PC817
Added Member To Class: ClassName=Sheet2 Member=Component U4 PC817
Added Member To Class: ClassName=Sheet2 Member=Component U5 PC817
Added Member To Class: ClassName=Sheet2 Member=Component U6 ESP32-DEVKIT-V1
Added Member To Class: ClassName=Sheet2 Member=Component VR1 LM1117T-3.3/NOPB
