Removed Pin From Net: NetName=buzzer Pin=Arduino Mega-8
Removed Pin From Net: NetName=R_levelwater Pin=Arduino Mega-9
Removed Pin From Net: NetName=R_temp Pin=Arduino Mega-10
Removed Pin From Net: NetName=R_pH Pin=Arduino Mega-11
Removed Pin From Net: NetName=R_doduc Pin=Arduino Mega-12
Removed Pin From Net: NetName=R_oxi Pin=Arduino Mega-13
Removed Pin From Net: NetName=btn_pH Pin=Arduino Mega-23
Removed Pin From Net: NetName=btn_oxi Pin=Arduino Mega-25
Removed Pin From Net: NetName=btn_levelwater Pin=Arduino Mega-27
Removed Pin From Net: NetName=btn_temp Pin=Arduino Mega-29
Removed Pin From Net: NetName=btn_rst Pin=Arduino Mega-31
Removed Pin From Net: NetName=btn_doduc Pin=Arduino Mega-33
Removed Pin From Net: NetName=btn_mode Pin=Arduino Mega-35
Removed Pin From Net: NetName=SR04-Digit2 Pin=Arduino Mega-47
Removed Pin From Net: NetName=SR04-Digit1 Pin=Arduino Mega-49
Added Pin To Net: NetName=btn_temp Pin=Arduino Mega-4
Added Pin To Net: NetName=btn_levelwater Pin=Arduino Mega-5
Added Pin To Net: NetName=btn_oxi Pin=Arduino Mega-6
Added Pin To Net: NetName=btn_pH Pin=Arduino Mega-7
Added Pin To Net: NetName=btn_mode Pin=Arduino Mega-8
Added Pin To Net: NetName=btn_doduc Pin=Arduino Mega-9
Added Pin To Net: NetName=btn_rst Pin=Arduino Mega-10
Added Pin To Net: NetName=R_oxi Pin=Arduino Mega-23
Added Pin To Net: NetName=R_doduc Pin=Arduino Mega-25
Added Pin To Net: NetName=R_pH Pin=Arduino Mega-27
Added Pin To Net: NetName=R_temp Pin=Arduino Mega-29
Added Pin To Net: NetName=R_levelwater Pin=Arduino Mega-31
Added Pin To Net: NetName=buzzer Pin=Arduino Mega-33
Added Pin To Net: NetName=SR04-Digit1 Pin=Arduino Mega-47
Added Pin To Net: NetName=SR04-Digit2 Pin=Arduino Mega-49
