Added Component: Designator=A1(ARDUINO_A000067)
Add component (AddParameter): Name = "Check_prices"; Value = "https://www.snapeda.com/parts/Arduino%20Mega%202560%20Rev3/Arduino/view-part/?ref=eda"; VariantName = "[No Variations]"
Add component (AddParameter): Name = "MF"; Value = "Arduino"; VariantName = "[No Variations]"
Add component (AddParameter): Name = "MP"; Value = "Arduino Mega 2560 Rev3"; VariantName = "[No Variations]"
Add component (AddParameter): Name = "Package"; Value = "Non-Standard Arduino"; VariantName = "[No Variations]"
Add component (AddParameter): Name = "SnapEDA_Link"; Value = "https://www.snapeda.com/parts/Arduino%20Mega%202560%20Rev3/Arduino/view-part/?ref=snap"; VariantName = "[No Variations]"
Add component (AddParameter): Name = "Value"; Value = ""; VariantName = "[No Variations]"
Added Component: Designator=C1(CP1.5/3.4)
Add component (AddParameter): Name = "Description 1"; Value = "1000uF/6,3V - 470uF/16V - 330uF - 25V"; VariantName = "[No Variations]"
Add component (AddParameter): Name = "Description 2"; Value = "220uF/35V - 100uF/50V - 63V - 4,7uF/200V"; VariantName = "[No Variations]"
Add component (AddParameter): Name = "Description 3"; Value = "22uF => 33uF100V - 3,3uF => 4,7uF/250V"; VariantName = "[No Variations]"
Add component (AddParameter): Name = "Description 4"; Value = "2,2uF =>3,3uF/350 - 2,2uF/400V - 1uF/450V"; VariantName = "[No Variations]"
Add component (AddParameter): Name = "Value"; Value = "100uF/35V/50V"; VariantName = "[No Variations]"
Added Component: Designator=C2(CP1.5/3.4)
Add component (AddParameter): Name = "Description 1"; Value = "1000uF/6,3V - 470uF/16V - 330uF - 25V"; VariantName = "[No Variations]"
Add component (AddParameter): Name = "Description 2"; Value = "220uF/35V - 100uF/50V - 63V - 4,7uF/200V"; VariantName = "[No Variations]"
Add component (AddParameter): Name = "Description 3"; Value = "22uF => 33uF100V - 3,3uF => 4,7uF/250V"; VariantName = "[No Variations]"
Add component (AddParameter): Name = "Description 4"; Value = "2,2uF =>3,3uF/350 - 2,2uF/400V - 1uF/450V"; VariantName = "[No Variations]"
Add component (AddParameter): Name = "Value"; Value = "100uF/35V/50V"; VariantName = "[No Variations]"
Added Component: Designator=C3(CN2)
Add component (AddParameter): Name = "Value"; Value = "0.1uF"; VariantName = "[No Variations]"
Added Component: Designator=C4(CN2)
Add component (AddParameter): Name = "Value"; Value = "0.1uF"; VariantName = "[No Variations]"
Added Component: Designator=C5(CP1.5/3.4)
Add component (AddParameter): Name = "Description 1"; Value = "1000uF/6,3V - 470uF/16V - 330uF - 25V"; VariantName = "[No Variations]"
Add component (AddParameter): Name = "Description 2"; Value = "220uF/35V - 100uF/50V - 63V - 4,7uF/200V"; VariantName = "[No Variations]"
Add component (AddParameter): Name = "Description 3"; Value = "22uF => 33uF100V - 3,3uF => 4,7uF/250V"; VariantName = "[No Variations]"
Add component (AddParameter): Name = "Description 4"; Value = "2,2uF =>3,3uF/350 - 2,2uF/400V - 1uF/450V"; VariantName = "[No Variations]"
Add component (AddParameter): Name = "Value"; Value = "100uF/35V/50V"; VariantName = "[No Variations]"
Added Component: Designator=C6(CP1.5/3.4)
Add component (AddParameter): Name = "Description 1"; Value = "1000uF/6,3V - 470uF/16V - 330uF - 25V"; VariantName = "[No Variations]"
Add component (AddParameter): Name = "Description 2"; Value = "220uF/35V - 100uF/50V - 63V - 4,7uF/200V"; VariantName = "[No Variations]"
Add component (AddParameter): Name = "Description 3"; Value = "22uF => 33uF100V - 3,3uF => 4,7uF/250V"; VariantName = "[No Variations]"
Add component (AddParameter): Name = "Description 4"; Value = "2,2uF =>3,3uF/350 - 2,2uF/400V - 1uF/450V"; VariantName = "[No Variations]"
Add component (AddParameter): Name = "Value"; Value = "100uF/35V/50V"; VariantName = "[No Variations]"
Added Component: Designator=C7(CP1.5/3.4)
Add component (AddParameter): Name = "Description 1"; Value = "1000uF/6,3V - 470uF/16V - 330uF - 25V"; VariantName = "[No Variations]"
Add component (AddParameter): Name = "Description 2"; Value = "220uF/35V - 100uF/50V - 63V - 4,7uF/200V"; VariantName = "[No Variations]"
Add component (AddParameter): Name = "Description 3"; Value = "22uF => 33uF100V - 3,3uF => 4,7uF/250V"; VariantName = "[No Variations]"
Add component (AddParameter): Name = "Description 4"; Value = "2,2uF =>3,3uF/350 - 2,2uF/400V - 1uF/450V"; VariantName = "[No Variations]"
Add component (AddParameter): Name = "Value"; Value = "100uF/35V/50V"; VariantName = "[No Variations]"
Added Component: Designator=C8(CN1.5)
Add component (AddParameter): Name = "Value"; Value = "0.01uF"; VariantName = "[No Variations]"
Added Component: Designator=C9(CN1.5)
Add component (AddParameter): Name = "Value"; Value = "0.01uF"; VariantName = "[No Variations]"
Added Component: Designator=C10(CN1.5)
Add component (AddParameter): Name = "Value"; Value = "0.01uF"; VariantName = "[No Variations]"
Added Component: Designator=C11(CN1.5)
Add component (AddParameter): Name = "Value"; Value = "0.01uF"; VariantName = "[No Variations]"
Added Component: Designator=C12(CN1.5)
Add component (AddParameter): Name = "Value"; Value = "0.01uF"; VariantName = "[No Variations]"
Added Component: Designator=Cx1(CN1)
Add component (AddParameter): Name = "Value"; Value = "33pF"; VariantName = "[No Variations]"
Added Component: Designator=Cx2(CN1)
Add component (AddParameter): Name = "Value"; Value = "33pF"; VariantName = "[No Variations]"
Added Component: Designator=Cx3(CN1)
Add component (AddParameter): Name = "Value"; Value = "33pF"; VariantName = "[No Variations]"
Added Component: Designator=Cx4(CN1)
Add component (AddParameter): Name = "Value"; Value = "33pF"; VariantName = "[No Variations]"
Added Component: Designator=Cx5(CN1)
Add component (AddParameter): Name = "Value"; Value = "33pF"; VariantName = "[No Variations]"
Added Component: Designator=Cx6(CN1)
Add component (AddParameter): Name = "Value"; Value = "33pF"; VariantName = "[No Variations]"
Added Component: Designator=Cx7(CN1)
Add component (AddParameter): Name = "Value"; Value = "33pF"; VariantName = "[No Variations]"
Added Component: Designator=Cx8(CN1)
Add component (AddParameter): Name = "Value"; Value = "33pF"; VariantName = "[No Variations]"
Added Component: Designator=Cx9(CN1)
Add component (AddParameter): Name = "Value"; Value = "33pF"; VariantName = "[No Variations]"
Added Component: Designator=Cx10(CN1)
Add component (AddParameter): Name = "Value"; Value = "33pF"; VariantName = "[No Variations]"
Added Component: Designator=Cx11(CN1)
Add component (AddParameter): Name = "Value"; Value = "33pF"; VariantName = "[No Variations]"
Added Component: Designator=Cx12(CN1)
Add component (AddParameter): Name = "Value"; Value = "33pF"; VariantName = "[No Variations]"
Added Component: Designator=D1(D1A)
Add component (AddParameter): Name = "Value"; Value = "1N4007"; VariantName = "[No Variations]"
Added Component: Designator=D2(D1A)
Add component (AddParameter): Name = "Value"; Value = "1N4007"; VariantName = "[No Variations]"
Added Component: Designator=D3(D1A)
Add component (AddParameter): Name = "Value"; Value = "1N4007"; VariantName = "[No Variations]"
Added Component: Designator=D4(D1A)
Add component (AddParameter): Name = "Value"; Value = "1N4007"; VariantName = "[No Variations]"
Added Component: Designator=D5(D1A)
Add component (AddParameter): Name = "Value"; Value = "1N4007"; VariantName = "[No Variations]"
Added Component: Designator=D6(D1A)
Add component (AddParameter): Name = "Value"; Value = "1N4007"; VariantName = "[No Variations]"
Added Component: Designator=HD1(HED4)
Add component (AddParameter): Name = "Value"; Value = "Header 4"; VariantName = "[No Variations]"
Added Component: Designator=HD2(HED4)
Add component (AddParameter): Name = "Value"; Value = "Header 4"; VariantName = "[No Variations]"
Added Component: Designator=HD3(HED3)
Add component (AddParameter): Name = "Value"; Value = "Header 3"; VariantName = "[No Variations]"
Added Component: Designator=HD4(HED3)
Add component (AddParameter): Name = "Value"; Value = "Header 3"; VariantName = "[No Variations]"
Added Component: Designator=HD5(HED2)
Add component (AddParameter): Name = "Value"; Value = "Header 2"; VariantName = "[No Variations]"
Added Component: Designator=HD6(HED2)
Add component (AddParameter): Name = "Value"; Value = "Header 2"; VariantName = "[No Variations]"
Added Component: Designator=HD7(HED2)
Add component (AddParameter): Name = "Value"; Value = "Header 2"; VariantName = "[No Variations]"
Added Component: Designator=HD8(HED2)
Add component (AddParameter): Name = "Value"; Value = "Header 2"; VariantName = "[No Variations]"
Added Component: Designator=HD9(HED2)
Add component (AddParameter): Name = "Value"; Value = "Header 2"; VariantName = "[No Variations]"
Added Component: Designator=HD10(HED2)
Add component (AddParameter): Name = "Value"; Value = "Header 2"; VariantName = "[No Variations]"
Added Component: Designator=HD11(HED2)
Add component (AddParameter): Name = "Value"; Value = "Header 2"; VariantName = "[No Variations]"
Added Component: Designator=HD12(HED2)
Add component (AddParameter): Name = "Value"; Value = "Header 2"; VariantName = "[No Variations]"
Added Component: Designator=HD13(HED2)
Add component (AddParameter): Name = "Value"; Value = "Header 2"; VariantName = "[No Variations]"
Added Component: Designator=HD14(HED2)
Add component (AddParameter): Name = "Value"; Value = "Header 2"; VariantName = "[No Variations]"
Added Component: Designator=HD15(HED2)
Add component (AddParameter): Name = "Value"; Value = "Header 2"; VariantName = "[No Variations]"
Added Component: Designator=HD16(HED2)
Add component (AddParameter): Name = "Value"; Value = "Header 2"; VariantName = "[No Variations]"
Added Component: Designator=HD17(HED2)
Add component (AddParameter): Name = "Value"; Value = "Header 2"; VariantName = "[No Variations]"
Added Component: Designator=HD18(HED2)
Add component (AddParameter): Name = "Value"; Value = "Header 2"; VariantName = "[No Variations]"
Added Component: Designator=HD19(HED2)
Add component (AddParameter): Name = "Value"; Value = "Header 2"; VariantName = "[No Variations]"
Added Component: Designator=HD20(HED2)
Add component (AddParameter): Name = "Value"; Value = "Header 2"; VariantName = "[No Variations]"
Added Component: Designator=HD21(HED2)
Add component (AddParameter): Name = "Value"; Value = "Header 2"; VariantName = "[No Variations]"
Added Component: Designator=HD22(HED2)
Add component (AddParameter): Name = "Value"; Value = "Header 2"; VariantName = "[No Variations]"
Added Component: Designator=HD23(HED2)
Add component (AddParameter): Name = "Value"; Value = "Header 2"; VariantName = "[No Variations]"
Added Component: Designator=IC1(QTO-220)
Add component (AddParameter): Name = "Value"; Value = "LM7805"; VariantName = "[No Variations]"
Added Component: Designator=JDC1(DC-IN)
Add component (AddParameter): Name = "Value"; Value = "Jac DC"; VariantName = "[No Variations]"
Added Component: Designator=LED1(LED-3)
Add component (AddParameter): Name = "Value"; Value = "LED 3 ly Single Colour"; VariantName = "[No Variations]"
Added Component: Designator=LED2(LED-3)
Add component (AddParameter): Name = "Value"; Value = "LED 3 ly Single Colour"; VariantName = "[No Variations]"
Added Component: Designator=LED3(LED-3)
Add component (AddParameter): Name = "Value"; Value = "LED 3 ly Single Colour"; VariantName = "[No Variations]"
Added Component: Designator=LED4(LED-3)
Add component (AddParameter): Name = "Value"; Value = "LED 3 ly Single Colour"; VariantName = "[No Variations]"
Added Component: Designator=LED5(LED-3)
Add component (AddParameter): Name = "Value"; Value = "LED 3 ly Single Colour"; VariantName = "[No Variations]"
Added Component: Designator=LED6(LED-3)
Add component (AddParameter): Name = "Value"; Value = "LED 3 ly Single Colour"; VariantName = "[No Variations]"
Added Component: Designator=P1(HDR1X14)
Add component (AddParameter): Name = "LatestRevisionDate"; Value = "17-Jul-2002"; VariantName = "[No Variations]"
Add component (AddParameter): Name = "LatestRevisionNote"; Value = "Re-released for DXP Platform."; VariantName = "[No Variations]"
Add component (AddParameter): Name = "Publisher"; Value = "Altium Limited"; VariantName = "[No Variations]"
Added Component: Designator=Q1(QTO-92)
Add component (AddParameter): Name = "Value"; Value = "C1815"; VariantName = "[No Variations]"
Added Component: Designator=Q2(QTO-92)
Add component (AddParameter): Name = "Value"; Value = "C1815"; VariantName = "[No Variations]"
Added Component: Designator=Q3(QTO-92)
Add component (AddParameter): Name = "Value"; Value = "C1815"; VariantName = "[No Variations]"
Added Component: Designator=Q4(QTO-92)
Add component (AddParameter): Name = "Value"; Value = "C1815"; VariantName = "[No Variations]"
Added Component: Designator=Q5(QTO-92)
Add component (AddParameter): Name = "Value"; Value = "C1815"; VariantName = "[No Variations]"
Added Component: Designator=R1(R1/4W)
Add component (AddParameter): Name = "Value"; Value = "R1/4W - 1K"; VariantName = "[No Variations]"
Added Component: Designator=R2(R1/4W)
Add component (AddParameter): Name = "Value"; Value = "R1/4W - 1K"; VariantName = "[No Variations]"
Added Component: Designator=R3(R1/4W)
Add component (AddParameter): Name = "Value"; Value = "R1/4W - 1K"; VariantName = "[No Variations]"
Added Component: Designator=R4(R1/4W)
Add component (AddParameter): Name = "Value"; Value = "R1/4W - 1K"; VariantName = "[No Variations]"
Added Component: Designator=R5(R1/4W)
Add component (AddParameter): Name = "Value"; Value = "R1/4W - 1K"; VariantName = "[No Variations]"
Added Component: Designator=R6(R1/4W)
Add component (AddParameter): Name = "Value"; Value = "R1/4W - 1K"; VariantName = "[No Variations]"
Added Component: Designator=R7(R1/4W)
Add component (AddParameter): Name = "Value"; Value = "R1/4W - 1K"; VariantName = "[No Variations]"
Added Component: Designator=R8(R1/4W)
Add component (AddParameter): Name = "Value"; Value = "R1/4W - 1K"; VariantName = "[No Variations]"
Added Component: Designator=R9(R1/4W)
Add component (AddParameter): Name = "Value"; Value = "R1/4W - 1K"; VariantName = "[No Variations]"
Added Component: Designator=R10(R1/4W)
Add component (AddParameter): Name = "Value"; Value = "R1/4W - 1K"; VariantName = "[No Variations]"
Added Component: Designator=R11(R1/4W)
Add component (AddParameter): Name = "Value"; Value = "R1/4W - 1K"; VariantName = "[No Variations]"
Added Component: Designator=R12(R1/4W)
Add component (AddParameter): Name = "Value"; Value = "R1/4W - 1K"; VariantName = "[No Variations]"
Added Component: Designator=R13(R1/4W)
Add component (AddParameter): Name = "Value"; Value = "R1/4W - 1K"; VariantName = "[No Variations]"
Added Component: Designator=R14(R1/4W)
Add component (AddParameter): Name = "Value"; Value = "R1/4W - 1K"; VariantName = "[No Variations]"
Added Component: Designator=R15(R1/4W)
Add component (AddParameter): Name = "Value"; Value = "R1/4W - 1K"; VariantName = "[No Variations]"
Added Component: Designator=R16(R1/4W)
Add component (AddParameter): Name = "Value"; Value = "R1/4W - 1K"; VariantName = "[No Variations]"
Added Component: Designator=R17(R1/4W)
Add component (AddParameter): Name = "Value"; Value = "R1/4W - 1K"; VariantName = "[No Variations]"
Added Component: Designator=R18(R1/4W)
Add component (AddParameter): Name = "Value"; Value = "R1/4W - 1K"; VariantName = "[No Variations]"
Added Component: Designator=R19(R1/4W)
Add component (AddParameter): Name = "Value"; Value = "R1/4W - 1K"; VariantName = "[No Variations]"
Added Component: Designator=R20(R1/4W)
Add component (AddParameter): Name = "Value"; Value = "R1/4W - 1K"; VariantName = "[No Variations]"
Added Component: Designator=R21(R1/4W)
Add component (AddParameter): Name = "Value"; Value = "R1/4W - 1K"; VariantName = "[No Variations]"
Added Component: Designator=R22(R1/4W)
Add component (AddParameter): Name = "Value"; Value = "R1/4W - 1K"; VariantName = "[No Variations]"
Added Component: Designator=R23(R1/4W)
Add component (AddParameter): Name = "Value"; Value = "R1/4W - 1K"; VariantName = "[No Variations]"
Added Component: Designator=R24(R1/4W)
Add component (AddParameter): Name = "Value"; Value = "R1/4W - 1K"; VariantName = "[No Variations]"
Added Component: Designator=R25(R1/4W)
Add component (AddParameter): Name = "Value"; Value = "R1/4W - 1K"; VariantName = "[No Variations]"
Added Component: Designator=R26(R1/4W)
Add component (AddParameter): Name = "Value"; Value = "R1/4W - 1K"; VariantName = "[No Variations]"
Added Component: Designator=R27(R1/4W)
Add component (AddParameter): Name = "Value"; Value = "R1/4W - 1K"; VariantName = "[No Variations]"
Added Component: Designator=R28(R1/4W)
Add component (AddParameter): Name = "Value"; Value = "R1/4W - 1K"; VariantName = "[No Variations]"
Added Component: Designator=RL1(RL_SPDT_10A)
Add component (AddParameter): Name = "Value"; Value = "Relay SPDT, 10A, 12V"; VariantName = "[No Variations]"
Added Component: Designator=RL2(RL_SPDT_10A)
Add component (AddParameter): Name = "Value"; Value = "Relay SPDT, 10A, 12V"; VariantName = "[No Variations]"
Added Component: Designator=RL3(RL_SPDT_10A)
Add component (AddParameter): Name = "Value"; Value = "Relay SPDT, 10A, 12V"; VariantName = "[No Variations]"
Added Component: Designator=RL4(RL_SPDT_10A)
Add component (AddParameter): Name = "Value"; Value = "Relay SPDT, 10A, 12V"; VariantName = "[No Variations]"
Added Component: Designator=RL5(RL_SPDT_10A)
Add component (AddParameter): Name = "Value"; Value = "Relay SPDT, 10A, 12V"; VariantName = "[No Variations]"
Added Component: Designator=U1(DIP4/W0.3)
Add component (AddParameter): Name = "Value"; Value = "PC817"; VariantName = "[No Variations]"
Added Component: Designator=U2(DIP4/W0.3)
Add component (AddParameter): Name = "Value"; Value = "PC817"; VariantName = "[No Variations]"
Added Component: Designator=U3(DIP4/W0.3)
Add component (AddParameter): Name = "Value"; Value = "PC817"; VariantName = "[No Variations]"
Added Component: Designator=U4(DIP4/W0.3)
Add component (AddParameter): Name = "Value"; Value = "PC817"; VariantName = "[No Variations]"
Added Component: Designator=U5(DIP4/W0.3)
Add component (AddParameter): Name = "Value"; Value = "PC817"; VariantName = "[No Variations]"
Added Component: Designator=U6(MODULE_ESP32_DEVKIT_V1)
Add component (AddParameter): Name = "Availability"; Value = "Not in stock"; VariantName = "[No Variations]"
Add component (AddParameter): Name = "Check_prices"; Value = "https://www.snapeda.com/parts/ESP32-DEVKIT-V1/Do+it/view-part/?ref=eda"; VariantName = "[No Variations]"
Add component (AddParameter): Name = "MF"; Value = "Do it"; VariantName = "[No Variations]"
Add component (AddParameter): Name = "MP"; Value = "ESP32-DEVKIT-V1"; VariantName = "[No Variations]"
Add component (AddParameter): Name = "Package"; Value = "None"; VariantName = "[No Variations]"
Add component (AddParameter): Name = "Price"; Value = "None"; VariantName = "[No Variations]"
Add component (AddParameter): Name = "SnapEDA_Link"; Value = "https://www.snapeda.com/parts/ESP32-DEVKIT-V1/Do+it/view-part/?ref=snap"; VariantName = "[No Variations]"
Add component (AddParameter): Name = "Value"; Value = ""; VariantName = "[No Variations]"
Added Component: Designator=VR1(TO254P1054X470X1955-3)
Add component (AddParameter): Name = "Availability"; Value = "In Stock"; VariantName = "[No Variations]"
Add component (AddParameter): Name = "Check_prices"; Value = "https://www.snapeda.com/parts/LM1117T-3.3/NOPB/Texas+Instruments/view-part/?ref=eda"; VariantName = "[No Variations]"
Add component (AddParameter): Name = "MF"; Value = "Texas Instruments"; VariantName = "[No Variations]"
Add component (AddParameter): Name = "MP"; Value = "LM1117T-3.3/NOPB"; VariantName = "[No Variations]"
Add component (AddParameter): Name = "Package"; Value = "TO-220-3 Texas Instruments"; VariantName = "[No Variations]"
Add component (AddParameter): Name = "Price"; Value = "None"; VariantName = "[No Variations]"
Add component (AddParameter): Name = "Purchase-URL"; Value = "https://pricing.snapeda.com/search/part/LM1117T-3.3/NOPB/?ref=eda"; VariantName = "[No Variations]"
Add component (AddParameter): Name = "SnapEDA_Link"; Value = "https://www.snapeda.com/parts/LM1117T-3.3/NOPB/Texas+Instruments/view-part/?ref=snap"; VariantName = "[No Variations]"
Add component (AddParameter): Name = "Value"; Value = ""; VariantName = "[No Variations]"
Added Pin To Net: NetName=3.3V Pin=C2-1
Added Pin To Net: NetName=3.3V Pin=C4-2
Added Pin To Net: NetName=3.3V Pin=P1-1
Added Pin To Net: NetName=3.3V Pin=VR1-2
Added Net: Name=3.3V
Added Pin To Net: NetName=5V Pin=C1-1
Added Pin To Net: NetName=5V Pin=C3-2
Added Pin To Net: NetName=5V Pin=C6-1
Added Pin To Net: NetName=5V Pin=C7-1
Added Pin To Net: NetName=5V Pin=C8-1
Added Pin To Net: NetName=5V Pin=C9-1
Added Pin To Net: NetName=5V Pin=C10-1
Added Pin To Net: NetName=5V Pin=C11-1
Added Pin To Net: NetName=5V Pin=C12-1
Added Pin To Net: NetName=5V Pin=D2-2
Added Pin To Net: NetName=5V Pin=D3-2
Added Pin To Net: NetName=5V Pin=D4-2
Added Pin To Net: NetName=5V Pin=D5-2
Added Pin To Net: NetName=5V Pin=D6-2
Added Pin To Net: NetName=5V Pin=HD1-1
Added Pin To Net: NetName=5V Pin=HD2-1
Added Pin To Net: NetName=5V Pin=HD3-1
Added Pin To Net: NetName=5V Pin=HD4-1
Added Pin To Net: NetName=5V Pin=IC1-3
Added Pin To Net: NetName=5V Pin=R1-1
Added Pin To Net: NetName=5V Pin=R2-1
Added Pin To Net: NetName=5V Pin=R3-1
Added Pin To Net: NetName=5V Pin=R4-1
Added Pin To Net: NetName=5V Pin=R5-1
Added Pin To Net: NetName=5V Pin=R6-1
Added Pin To Net: NetName=5V Pin=R7-1
Added Pin To Net: NetName=5V Pin=R8-1
Added Pin To Net: NetName=5V Pin=R9-1
Added Pin To Net: NetName=5V Pin=R19-1
Added Pin To Net: NetName=5V Pin=R20-1
Added Pin To Net: NetName=5V Pin=R21-1
Added Pin To Net: NetName=5V Pin=R22-1
Added Pin To Net: NetName=5V Pin=R25-1
Added Pin To Net: NetName=5V Pin=RL1-5
Added Pin To Net: NetName=5V Pin=RL2-5
Added Pin To Net: NetName=5V Pin=RL3-5
Added Pin To Net: NetName=5V Pin=RL4-5
Added Pin To Net: NetName=5V Pin=RL5-5
Added Pin To Net: NetName=5V Pin=U1-4
Added Pin To Net: NetName=5V Pin=U2-4
Added Pin To Net: NetName=5V Pin=U3-4
Added Pin To Net: NetName=5V Pin=U4-4
Added Pin To Net: NetName=5V Pin=U5-4
Added Pin To Net: NetName=5V Pin=U6-30
Added Pin To Net: NetName=5V Pin=VR1-3
Added Net: Name=5V
Added Pin To Net: NetName=btn_doduc Pin=A1-33
Added Pin To Net: NetName=btn_doduc Pin=Cx8-1
Added Pin To Net: NetName=btn_doduc Pin=HD21-2
Added Pin To Net: NetName=btn_doduc Pin=R21-2
Added Net: Name=btn_doduc
Added Pin To Net: NetName=btn_levelwater Pin=A1-37
Added Pin To Net: NetName=btn_levelwater Pin=Cx3-1
Added Pin To Net: NetName=btn_levelwater Pin=HD7-2
Added Pin To Net: NetName=btn_levelwater Pin=R4-2
Added Net: Name=btn_levelwater
Added Pin To Net: NetName=btn_mode Pin=A1-39
Added Pin To Net: NetName=btn_mode Pin=Cx9-1
Added Pin To Net: NetName=btn_mode Pin=HD22-2
Added Pin To Net: NetName=btn_mode Pin=R22-2
Added Net: Name=btn_mode
Added Pin To Net: NetName=btn_oxi Pin=A1-29
Added Pin To Net: NetName=btn_oxi Pin=Cx2-1
Added Pin To Net: NetName=btn_oxi Pin=HD6-2
Added Pin To Net: NetName=btn_oxi Pin=R3-2
Added Net: Name=btn_oxi
Added Pin To Net: NetName=btn_pH Pin=A1-31
Added Pin To Net: NetName=btn_pH Pin=Cx1-1
Added Pin To Net: NetName=btn_pH Pin=HD5-2
Added Pin To Net: NetName=btn_pH Pin=R2-2
Added Net: Name=btn_pH
Added Pin To Net: NetName=btn_rst Pin=A1-41
Added Pin To Net: NetName=btn_rst Pin=Cx7-1
Added Pin To Net: NetName=btn_rst Pin=HD18-2
Added Pin To Net: NetName=btn_rst Pin=R9-2
Added Net: Name=btn_rst
Added Pin To Net: NetName=btn_temp Pin=A1-35
Added Pin To Net: NetName=btn_temp Pin=Cx6-1
Added Pin To Net: NetName=btn_temp Pin=HD17-2
Added Pin To Net: NetName=btn_temp Pin=R8-2
Added Net: Name=btn_temp
Added Pin To Net: NetName=CS Pin=P1-3
Added Pin To Net: NetName=CS Pin=U6-3
Added Net: Name=CS
Added Pin To Net: NetName=D/C Pin=P1-5
Added Pin To Net: NetName=D/C Pin=U6-4
Added Net: Name=D/C
Added Pin To Net: NetName=DS18B20_digital Pin=A1-27
Added Pin To Net: NetName=DS18B20_digital Pin=HD3-2
Added Pin To Net: NetName=DS18B20_digital Pin=R5-2
Added Net: Name=DS18B20_digital
Added Pin To Net: NetName=GND Pin=A1-GND4
Added Pin To Net: NetName=GND Pin=C1-2
Added Pin To Net: NetName=GND Pin=C2-2
Added Pin To Net: NetName=GND Pin=C3-1
Added Pin To Net: NetName=GND Pin=C4-1
Added Pin To Net: NetName=GND Pin=C5-2
Added Pin To Net: NetName=GND Pin=C6-2
Added Pin To Net: NetName=GND Pin=C7-2
Added Pin To Net: NetName=GND Pin=Cx1-2
Added Pin To Net: NetName=GND Pin=Cx2-2
Added Pin To Net: NetName=GND Pin=Cx3-2
Added Pin To Net: NetName=GND Pin=Cx4-2
Added Pin To Net: NetName=GND Pin=Cx5-2
Added Pin To Net: NetName=GND Pin=Cx6-2
Added Pin To Net: NetName=GND Pin=Cx7-2
Added Pin To Net: NetName=GND Pin=Cx8-2
Added Pin To Net: NetName=GND Pin=Cx9-2
Added Pin To Net: NetName=GND Pin=Cx10-2
Added Pin To Net: NetName=GND Pin=Cx11-2
Added Pin To Net: NetName=GND Pin=Cx12-2
Added Pin To Net: NetName=GND Pin=HD1-4
Added Pin To Net: NetName=GND Pin=HD2-2
Added Pin To Net: NetName=GND Pin=HD2-3
Added Pin To Net: NetName=GND Pin=HD3-3
Added Pin To Net: NetName=GND Pin=HD4-3
Added Pin To Net: NetName=GND Pin=HD5-1
Added Pin To Net: NetName=GND Pin=HD6-1
Added Pin To Net: NetName=GND Pin=HD7-1
Added Pin To Net: NetName=GND Pin=HD10-2
Added Pin To Net: NetName=GND Pin=HD11-2
Added Pin To Net: NetName=GND Pin=HD12-2
Added Pin To Net: NetName=GND Pin=HD13-2
Added Pin To Net: NetName=GND Pin=HD14-2
Added Pin To Net: NetName=GND Pin=HD15-2
Added Pin To Net: NetName=GND Pin=HD16-2
Added Pin To Net: NetName=GND Pin=HD17-1
Added Pin To Net: NetName=GND Pin=HD18-1
Added Pin To Net: NetName=GND Pin=HD21-1
Added Pin To Net: NetName=GND Pin=HD22-1
Added Pin To Net: NetName=GND Pin=IC1-2
Added Pin To Net: NetName=GND Pin=JDC1-2
Added Pin To Net: NetName=GND Pin=JDC1-3
Added Pin To Net: NetName=GND Pin=LED1-2
Added Pin To Net: NetName=GND Pin=P1-2
Added Pin To Net: NetName=GND Pin=Q1-1
Added Pin To Net: NetName=GND Pin=Q2-1
Added Pin To Net: NetName=GND Pin=Q3-1
Added Pin To Net: NetName=GND Pin=Q4-1
Added Pin To Net: NetName=GND Pin=Q5-1
Added Pin To Net: NetName=GND Pin=R28-1
Added Pin To Net: NetName=GND Pin=U6-2
Added Pin To Net: NetName=GND Pin=U6-29
Added Pin To Net: NetName=GND Pin=VR1-1
Added Net: Name=GND
Added Pin To Net: NetName=Led_oxi Pin=A1-6
Added Pin To Net: NetName=Led_oxi Pin=R14-1
Added Net: Name=Led_oxi
Added Pin To Net: NetName=Led_pH Pin=A1-5
Added Pin To Net: NetName=Led_pH Pin=R15-1
Added Net: Name=Led_pH
Added Pin To Net: NetName=Led_temp Pin=A1-4
Added Pin To Net: NetName=Led_temp Pin=R16-1
Added Net: Name=Led_temp
Added Pin To Net: NetName=Led_waterpump Pin=A1-2
Added Pin To Net: NetName=Led_waterpump Pin=R18-1
Added Net: Name=Led_waterpump
Added Pin To Net: NetName=Led canh bao Pin=A1-7
Added Pin To Net: NetName=Led canh bao Pin=R13-1
Added Net: Name=Led canh bao
Added Pin To Net: NetName=Led doduc Pin=A1-3
Added Pin To Net: NetName=Led doduc Pin=R17-1
Added Net: Name=Led doduc
Added Pin To Net: NetName=Led states Pin=A1-8
Added Pin To Net: NetName=Led states Pin=R12-1
Added Net: Name=Led states
Added Pin To Net: NetName=LED Pin=P1-8
Added Pin To Net: NetName=LED Pin=U6-11
Added Net: Name=LED
Added Pin To Net: NetName=MISO Pin=P1-9
Added Pin To Net: NetName=MISO Pin=U6-27
Added Net: Name=MISO
Added Pin To Net: NetName=MOSI Pin=P1-6
Added Pin To Net: NetName=MOSI Pin=U6-28
Added Net: Name=MOSI
Added Pin To Net: NetName=NetA1_18 Pin=A1-18
Added Pin To Net: NetName=NetA1_18 Pin=R27-1
Added Net: Name=NetA1_18
Added Pin To Net: NetName=NetC8_2 Pin=C8-2
Added Pin To Net: NetName=NetC8_2 Pin=D2-1
Added Pin To Net: NetName=NetC8_2 Pin=Q1-2
Added Pin To Net: NetName=NetC8_2 Pin=RL1-4
Added Net: Name=NetC8_2
Added Pin To Net: NetName=NetC9_2 Pin=C9-2
Added Pin To Net: NetName=NetC9_2 Pin=D3-1
Added Pin To Net: NetName=NetC9_2 Pin=Q2-2
Added Pin To Net: NetName=NetC9_2 Pin=RL2-4
Added Net: Name=NetC9_2
Added Pin To Net: NetName=NetC10_2 Pin=C10-2
Added Pin To Net: NetName=NetC10_2 Pin=D4-1
Added Pin To Net: NetName=NetC10_2 Pin=Q3-2
Added Pin To Net: NetName=NetC10_2 Pin=RL3-4
Added Net: Name=NetC10_2
Added Pin To Net: NetName=NetC11_2 Pin=C11-2
Added Pin To Net: NetName=NetC11_2 Pin=D5-1
Added Pin To Net: NetName=NetC11_2 Pin=Q4-2
Added Pin To Net: NetName=NetC11_2 Pin=RL4-4
Added Net: Name=NetC11_2
Added Pin To Net: NetName=NetC12_2 Pin=C12-2
Added Pin To Net: NetName=NetC12_2 Pin=Q5-2
Added Pin To Net: NetName=NetC12_2 Pin=RL5-4
Added Net: Name=NetC12_2
Added Pin To Net: NetName=NetCx4_1 Pin=Cx4-1
Added Pin To Net: NetName=NetCx4_1 Pin=Q1-3
Added Pin To Net: NetName=NetCx4_1 Pin=R10-1
Added Net: Name=NetCx4_1
Added Pin To Net: NetName=NetCx5_1 Pin=Cx5-1
Added Pin To Net: NetName=NetCx5_1 Pin=Q2-3
Added Pin To Net: NetName=NetCx5_1 Pin=R11-1
Added Net: Name=NetCx5_1
Added Pin To Net: NetName=NetCx10_1 Pin=Cx10-1
Added Pin To Net: NetName=NetCx10_1 Pin=Q3-3
Added Pin To Net: NetName=NetCx10_1 Pin=R23-1
Added Net: Name=NetCx10_1
Added Pin To Net: NetName=NetCx11_1 Pin=Cx11-1
Added Pin To Net: NetName=NetCx11_1 Pin=Q4-3
Added Pin To Net: NetName=NetCx11_1 Pin=R24-1
Added Net: Name=NetCx11_1
Added Pin To Net: NetName=NetCx12_1 Pin=Cx12-1
Added Pin To Net: NetName=NetCx12_1 Pin=Q5-3
Added Pin To Net: NetName=NetCx12_1 Pin=R26-1
Added Net: Name=NetCx12_1
Added Pin To Net: NetName=NetD1_1 Pin=D1-1
Added Pin To Net: NetName=NetD1_1 Pin=JDC1-1
Added Net: Name=NetD1_1
Added Pin To Net: NetName=NetHD8_1 Pin=HD8-1
Added Pin To Net: NetName=NetHD8_1 Pin=RL1-1
Added Net: Name=NetHD8_1
Added Pin To Net: NetName=NetHD8_2 Pin=HD8-2
Added Pin To Net: NetName=NetHD8_2 Pin=RL1-3
Added Net: Name=NetHD8_2
Added Pin To Net: NetName=NetHD9_1 Pin=HD9-1
Added Pin To Net: NetName=NetHD9_1 Pin=RL2-1
Added Net: Name=NetHD9_1
Added Pin To Net: NetName=NetHD9_2 Pin=HD9-2
Added Pin To Net: NetName=NetHD9_2 Pin=RL2-3
Added Net: Name=NetHD9_2
Added Pin To Net: NetName=NetHD10_1 Pin=HD10-1
Added Pin To Net: NetName=NetHD10_1 Pin=R12-2
Added Net: Name=NetHD10_1
Added Pin To Net: NetName=NetHD11_1 Pin=HD11-1
Added Pin To Net: NetName=NetHD11_1 Pin=R13-2
Added Net: Name=NetHD11_1
Added Pin To Net: NetName=NetHD12_1 Pin=HD12-1
Added Pin To Net: NetName=NetHD12_1 Pin=R14-2
Added Net: Name=NetHD12_1
Added Pin To Net: NetName=NetHD13_1 Pin=HD13-1
Added Pin To Net: NetName=NetHD13_1 Pin=R15-2
Added Net: Name=NetHD13_1
Added Pin To Net: NetName=NetHD14_1 Pin=HD14-1
Added Pin To Net: NetName=NetHD14_1 Pin=R16-2
Added Net: Name=NetHD14_1
Added Pin To Net: NetName=NetHD15_1 Pin=HD15-1
Added Pin To Net: NetName=NetHD15_1 Pin=R17-2
Added Net: Name=NetHD15_1
Added Pin To Net: NetName=NetHD16_1 Pin=HD16-1
Added Pin To Net: NetName=NetHD16_1 Pin=R18-2
Added Net: Name=NetHD16_1
Added Pin To Net: NetName=NetHD19_1 Pin=HD19-1
Added Pin To Net: NetName=NetHD19_1 Pin=RL3-1
Added Net: Name=NetHD19_1
Added Pin To Net: NetName=NetHD19_2 Pin=HD19-2
Added Pin To Net: NetName=NetHD19_2 Pin=RL3-3
Added Net: Name=NetHD19_2
Added Pin To Net: NetName=NetHD20_1 Pin=HD20-1
Added Pin To Net: NetName=NetHD20_1 Pin=RL4-1
Added Net: Name=NetHD20_1
Added Pin To Net: NetName=NetHD20_2 Pin=HD20-2
Added Pin To Net: NetName=NetHD20_2 Pin=RL4-3
Added Net: Name=NetHD20_2
Added Pin To Net: NetName=NetHD23_1 Pin=HD23-1
Added Pin To Net: NetName=NetHD23_1 Pin=RL5-1
Added Net: Name=NetHD23_1
Added Pin To Net: NetName=NetHD23_2 Pin=HD23-2
Added Pin To Net: NetName=NetHD23_2 Pin=RL5-3
Added Net: Name=NetHD23_2
Added Pin To Net: NetName=NetLED1_1 Pin=LED1-1
Added Pin To Net: NetName=NetLED1_1 Pin=R1-2
Added Net: Name=NetLED1_1
Added Pin To Net: NetName=NetLED2_1 Pin=LED2-1
Added Pin To Net: NetName=NetLED2_1 Pin=U1-2
Added Net: Name=NetLED2_1
Added Pin To Net: NetName=NetLED3_1 Pin=LED3-1
Added Pin To Net: NetName=NetLED3_1 Pin=U2-2
Added Net: Name=NetLED3_1
Added Pin To Net: NetName=NetLED4_1 Pin=LED4-1
Added Pin To Net: NetName=NetLED4_1 Pin=U3-2
Added Net: Name=NetLED4_1
Added Pin To Net: NetName=NetLED5_1 Pin=LED5-1
Added Pin To Net: NetName=NetLED5_1 Pin=U4-2
Added Net: Name=NetLED5_1
Added Pin To Net: NetName=NetLED6_1 Pin=LED6-1
Added Pin To Net: NetName=NetLED6_1 Pin=U5-2
Added Net: Name=NetLED6_1
Added Pin To Net: NetName=NetR6_2 Pin=R6-2
Added Pin To Net: NetName=NetR6_2 Pin=U1-1
Added Net: Name=NetR6_2
Added Pin To Net: NetName=NetR7_2 Pin=R7-2
Added Pin To Net: NetName=NetR7_2 Pin=U2-1
Added Net: Name=NetR7_2
Added Pin To Net: NetName=NetR10_2 Pin=R10-2
Added Pin To Net: NetName=NetR10_2 Pin=U1-3
Added Net: Name=NetR10_2
Added Pin To Net: NetName=NetR11_2 Pin=R11-2
Added Pin To Net: NetName=NetR11_2 Pin=U2-3
Added Net: Name=NetR11_2
Added Pin To Net: NetName=NetR19_2 Pin=R19-2
Added Pin To Net: NetName=NetR19_2 Pin=U3-1
Added Net: Name=NetR19_2
Added Pin To Net: NetName=NetR20_2 Pin=R20-2
Added Pin To Net: NetName=NetR20_2 Pin=U4-1
Added Net: Name=NetR20_2
Added Pin To Net: NetName=NetR23_2 Pin=R23-2
Added Pin To Net: NetName=NetR23_2 Pin=U3-3
Added Net: Name=NetR23_2
Added Pin To Net: NetName=NetR24_2 Pin=R24-2
Added Pin To Net: NetName=NetR24_2 Pin=U4-3
Added Net: Name=NetR24_2
Added Pin To Net: NetName=NetR25_2 Pin=R25-2
Added Pin To Net: NetName=NetR25_2 Pin=U5-1
Added Net: Name=NetR25_2
Added Pin To Net: NetName=NetR26_2 Pin=R26-2
Added Pin To Net: NetName=NetR26_2 Pin=U5-3
Added Net: Name=NetR26_2
Added Pin To Net: NetName=pH4502C-Analog Pin=A1-AD15
Added Pin To Net: NetName=pH4502C-Analog Pin=HD2-4
Added Net: Name=pH4502C-Analog
Added Pin To Net: NetName=R_doduc Pin=A1-12
Added Pin To Net: NetName=R_doduc Pin=LED3-2
Added Net: Name=R_doduc
Added Pin To Net: NetName=R_levelwater Pin=A1-9
Added Pin To Net: NetName=R_levelwater Pin=LED6-2
Added Net: Name=R_levelwater
Added Pin To Net: NetName=R_oxi Pin=A1-13
Added Pin To Net: NetName=R_oxi Pin=LED2-2
Added Net: Name=R_oxi
Added Pin To Net: NetName=R_pH Pin=A1-11
Added Pin To Net: NetName=R_pH Pin=LED4-2
Added Net: Name=R_pH
Added Pin To Net: NetName=R_temp Pin=A1-10
Added Pin To Net: NetName=R_temp Pin=LED5-2
Added Net: Name=R_temp
Added Pin To Net: NetName=RST Pin=P1-4
Added Pin To Net: NetName=RST Pin=U6-16
Added Net: Name=RST
Added Pin To Net: NetName=RX_arduino Pin=A1-19
Added Pin To Net: NetName=RX_arduino Pin=U6-7
Added Net: Name=RX_arduino
Added Pin To Net: NetName=SCK Pin=P1-7
Added Pin To Net: NetName=SCK Pin=U6-26
Added Net: Name=SCK
Added Pin To Net: NetName=SR04-Digit1 Pin=A1-23
Added Pin To Net: NetName=SR04-Digit1 Pin=HD1-2
Added Net: Name=SR04-Digit1
Added Pin To Net: NetName=SR04-Digit2 Pin=A1-25
Added Pin To Net: NetName=SR04-Digit2 Pin=HD1-3
Added Net: Name=SR04-Digit2
Added Pin To Net: NetName=T_CLK Pin=P1-10
Added Pin To Net: NetName=T_CLK Pin=U6-23
Added Net: Name=T_CLK
Added Pin To Net: NetName=T_CS Pin=P1-11
Added Pin To Net: NetName=T_CS Pin=U6-22
Added Net: Name=T_CS
Added Pin To Net: NetName=T_DIN Pin=P1-12
Added Pin To Net: NetName=T_DIN Pin=U6-21
Added Net: Name=T_DIN
Added Pin To Net: NetName=T_DO Pin=P1-13
Added Pin To Net: NetName=T_DO Pin=U6-18
Added Net: Name=T_DO
Added Pin To Net: NetName=T_IRQ Pin=P1-14
Added Pin To Net: NetName=T_IRQ Pin=U6-17
Added Net: Name=T_IRQ
Added Pin To Net: NetName=Turbidity Analog Pin=A1-AD14
Added Pin To Net: NetName=Turbidity Analog Pin=HD4-2
Added Net: Name=Turbidity Analog
Added Pin To Net: NetName=TX_arduino Pin=R27-2
Added Pin To Net: NetName=TX_arduino Pin=R28-2
Added Pin To Net: NetName=TX_arduino Pin=U6-6
Added Net: Name=TX_arduino
Added Pin To Net: NetName=VCC Pin=A1-VIN
Added Pin To Net: NetName=VCC Pin=C5-1
Added Pin To Net: NetName=VCC Pin=D1-2
Added Pin To Net: NetName=VCC Pin=IC1-1
Added Net: Name=VCC
Added Class: Name=Sheet2
Added Room: Name=Sheet2
