Removed Pin From Net: NetName=RX_arduino Pin=U7-2
Removed Pin From Net: NetName=GND Pin=U7-4
Removed Pin From Net: NetName=R_oxi Pin=U7-5
Removed Pin From Net: NetName=R_doduc Pin=U7-6
Removed Pin From Net: NetName=R_pH Pin=U7-7
Removed Pin From Net: NetName=R_temp Pin=U7-8
Removed Pin From Net: NetName=R_levelwater Pin=U7-9
Removed Pin From Net: NetName=buzzer Pin=U7-10
Removed Pin From Net: NetName=SR04-Digit1 Pin=U7-13
Removed Pin From Net: NetName=SR04-Digit2 Pin=U7-14
Removed Pin From Net: NetName=DS18B20_digital Pin=U7-15
Removed Pin From Net: NetName=Ao_arduino Pin=U7-19
Removed Pin From Net: NetName=pH4502C-Analog Pin=U7-25
Removed Pin From Net: NetName=Turbidity Analog Pin=U7-26
Removed Pin From Net: NetName=GND Pin=U7-29
Removed Pin From Net: NetName=VCC Pin=U7-30
Removed Member From Class: ClassName=Sheet2 Member=U7
Added Component: Designator=*(Arduino nano)
Added Pin To Net: NetName=RX_arduino Pin=*-1
Added Pin To Net: NetName=GND Pin=*-3
Added Pin To Net: NetName=R_oxi Pin=*-4
Added Pin To Net: NetName=R_doduc Pin=*-5
Added Pin To Net: NetName=R_pH Pin=*-6
Added Pin To Net: NetName=R_temp Pin=*-7
Added Pin To Net: NetName=R_levelwater Pin=*-8
Added Pin To Net: NetName=buzzer Pin=*-9
Added Pin To Net: NetName=SR04-Digit1 Pin=*-12
Added Pin To Net: NetName=SR04-Digit2 Pin=*-13
Added Pin To Net: NetName=DS18B20_digital Pin=*-14
Added Pin To Net: NetName=Turbidity Analog Pin=*-18
Added Pin To Net: NetName=pH4502C-Analog Pin=*-19
Added Pin To Net: NetName=Ao_arduino Pin=*-22
Added Pin To Net: NetName=GND Pin=*-28
Added Pin To Net: NetName=VCC Pin=*-29
Added Pin To Net: NetName=Net*_0 Pin=R21-2
Added Net: Name=Net*_0
Added Member To Class: ClassName=Sheet2 Member=Component * arduinoNano
Added Room: Name=Sheet2
