Removed Pin From Net: NetName=GND Pin=HD5-1
Removed Pin From Net: NetName=btn_pH Pin=HD5-2
Removed Pin From Net: NetName=GND Pin=HD6-1
Removed Pin From Net: NetName=btn_oxi Pin=HD6-2
Removed Pin From Net: NetName=GND Pin=HD7-1
Removed Pin From Net: NetName=btn_levelwater Pin=HD7-2
Removed Pin From Net: NetName=GND Pin=HD10-2
Removed Pin From Net: NetName=GND Pin=HD11-2
Removed Pin From Net: NetName=GND Pin=HD12-2
Removed Pin From Net: NetName=GND Pin=HD13-2
Removed Pin From Net: NetName=GND Pin=HD14-2
Removed Pin From Net: NetName=GND Pin=HD15-2
Removed Pin From Net: NetName=GND Pin=HD16-2
Removed Pin From Net: NetName=GND Pin=HD17-1
Removed Pin From Net: NetName=btn_temp Pin=HD17-2
Removed Pin From Net: NetName=GND Pin=HD18-1
Removed Pin From Net: NetName=btn_rst Pin=HD18-2
Removed Pin From Net: NetName=GND Pin=HD21-1
Removed Pin From Net: NetName=btn_doduc Pin=HD21-2
Removed Pin From Net: NetName=GND Pin=HD22-1
Removed Pin From Net: NetName=btn_mode Pin=HD22-2
Removed Member From Class: ClassName=Sheet2 Member=HD5
Removed Member From Class: ClassName=Sheet2 Member=HD6
Removed Member From Class: ClassName=Sheet2 Member=HD7
Removed Member From Class: ClassName=Sheet2 Member=HD10
Removed Member From Class: ClassName=Sheet2 Member=HD11
Removed Member From Class: ClassName=Sheet2 Member=HD12
Removed Member From Class: ClassName=Sheet2 Member=HD13
Removed Member From Class: ClassName=Sheet2 Member=HD14
Removed Member From Class: ClassName=Sheet2 Member=HD15
Removed Member From Class: ClassName=Sheet2 Member=HD16
Removed Member From Class: ClassName=Sheet2 Member=HD17
Removed Member From Class: ClassName=Sheet2 Member=HD18
Removed Member From Class: ClassName=Sheet2 Member=HD21
Removed Member From Class: ClassName=Sheet2 Member=HD22
Removed Member From Class: ClassName=Sheet2 Member=R13
Removed Member From Class: ClassName=Sheet2 Member=R14
Removed Member From Class: ClassName=Sheet2 Member=R15
Removed Member From Class: ClassName=Sheet2 Member=R16
Removed Member From Class: ClassName=Sheet2 Member=R17
Removed Member From Class: ClassName=Sheet2 Member=R18
Change Component Comment : Designator=R12 Old Comment=330R New Comment=100R
Added Component: Designator=LS1(CUI_CCG-1206)
Add component (AddParameter): Name = "Availability"; Value = "Unavailable"; VariantName = "[No Variations]"
Add component (AddParameter): Name = "MF"; Value = ""; VariantName = "[No Variations]"
Add component (AddParameter): Name = "MP"; Value = "CCG-1206"; VariantName = "[No Variations]"
Add component (AddParameter): Name = "Package"; Value = "None"; VariantName = "[No Variations]"
Add component (AddParameter): Name = "Price"; Value = "None"; VariantName = "[No Variations]"
Add component (AddParameter): Name = "Value"; Value = ""; VariantName = "[No Variations]"
Added Component: Designator=SW1(SW2)
Add component (AddParameter): Name = "Value"; Value = "SW chip 2 pin"; VariantName = "[No Variations]"
Added Component: Designator=SW2(SW2)
Add component (AddParameter): Name = "Value"; Value = "SW chip 2 pin"; VariantName = "[No Variations]"
Added Component: Designator=SW3(SW2)
Add component (AddParameter): Name = "Value"; Value = "SW chip 2 pin"; VariantName = "[No Variations]"
Added Component: Designator=SW4(SW2)
Add component (AddParameter): Name = "Value"; Value = "SW chip 2 pin"; VariantName = "[No Variations]"
Added Component: Designator=SW5(SW2)
Add component (AddParameter): Name = "Value"; Value = "SW chip 2 pin"; VariantName = "[No Variations]"
Added Component: Designator=SW6(SW2)
Add component (AddParameter): Name = "Value"; Value = "SW chip 2 pin"; VariantName = "[No Variations]"
Added Component: Designator=SW7(SW2)
Add component (AddParameter): Name = "Value"; Value = "SW chip 2 pin"; VariantName = "[No Variations]"
Added Pin To Net: NetName=GND Pin=LS1-M
Added Pin To Net: NetName=GND Pin=SW1-1
Added Pin To Net: NetName=btn_pH Pin=SW1-2
Added Pin To Net: NetName=GND Pin=SW2-1
Added Pin To Net: NetName=btn_oxi Pin=SW2-2
Added Pin To Net: NetName=GND Pin=SW3-1
Added Pin To Net: NetName=btn_levelwater Pin=SW3-2
Added Pin To Net: NetName=GND Pin=SW4-1
Added Pin To Net: NetName=btn_temp Pin=SW4-2
Added Pin To Net: NetName=GND Pin=SW5-1
Added Pin To Net: NetName=btn_rst Pin=SW5-2
Added Pin To Net: NetName=GND Pin=SW6-1
Added Pin To Net: NetName=btn_doduc Pin=SW6-2
Added Pin To Net: NetName=GND Pin=SW7-1
Added Pin To Net: NetName=btn_mode Pin=SW7-2
Change Net Name : Old Net Name=Led states New Net Name=buzzer
Added Pin To Net: NetName=NetLS1_P Pin=LS1-P
Added Pin To Net: NetName=NetLS1_P Pin=R12-2
Added Net: Name=NetLS1_P
Added Member To Class: ClassName=Sheet2 Member=Component LS1 CCG-1206
Added Member To Class: ClassName=Sheet2 Member=Component SW1 SW
Added Member To Class: ClassName=Sheet2 Member=Component SW2 SW
Added Member To Class: ClassName=Sheet2 Member=Component SW3 SW
Added Member To Class: ClassName=Sheet2 Member=Component SW4 SW
Added Member To Class: ClassName=Sheet2 Member=Component SW5 SW
Added Member To Class: ClassName=Sheet2 Member=Component SW6 SW
Added Member To Class: ClassName=Sheet2 Member=Component SW7 SW
