Change Component Designator: Old Designator=A? New Designator=A1
Change Component Designator: Old Designator=C? New Designator=C1
Change Component Designator: Old Designator=C? New Designator=C2
Change Component Designator: Old Designator=C? New Designator=C3
Change Component Designator: Old Designator=C? New Designator=C4
Change Component Designator: Old Designator=C? New Designator=C5
Change Component Designator: Old Designator=C? New Designator=C6
Change Component Designator: Old Designator=C? New Designator=C7
Change Component Designator: Old Designator=C? New Designator=C8
Change Component Designator: Old Designator=C? New Designator=C9
Change Component Designator: Old Designator=C? New Designator=C10
Change Component Designator: Old Designator=C? New Designator=C11
Change Component Designator: Old Designator=C? New Designator=C12
Change Component Designator: Old Designator=Cx? New Designator=Cx1
Change Component Designator: Old Designator=Cx? New Designator=Cx2
Change Component Designator: Old Designator=Cx? New Designator=Cx3
Change Component Designator: Old Designator=Cx? New Designator=Cx4
Change Component Designator: Old Designator=Cx? New Designator=Cx5
Change Component Designator: Old Designator=Cx? New Designator=Cx6
Change Component Designator: Old Designator=Cx? New Designator=Cx7
Change Component Designator: Old Designator=Cx? New Designator=Cx8
Change Component Designator: Old Designator=Cx? New Designator=Cx9
Change Component Designator: Old Designator=Cx? New Designator=Cx10
Change Component Designator: Old Designator=Cx? New Designator=Cx11
Change Component Designator: Old Designator=Cx? New Designator=Cx12
Change Component Designator: Old Designator=D? New Designator=D1
Change Component Designator: Old Designator=D? New Designator=D2
Change Component Designator: Old Designator=D? New Designator=D3
Change Component Designator: Old Designator=D? New Designator=D4
Change Component Designator: Old Designator=D? New Designator=D5
Change Component Designator: Old Designator=D? New Designator=D6
Change Component Designator: Old Designator=HD? New Designator=HD1
Change Component Designator: Old Designator=HD? New Designator=HD2
Change Component Designator: Old Designator=HD? New Designator=HD3
Change Component Designator: Old Designator=HD? New Designator=HD4
Change Component Designator: Old Designator=HD? New Designator=HD5
Change Component Designator: Old Designator=HD? New Designator=HD6
Change Component Designator: Old Designator=HD? New Designator=HD7
Change Component Designator: Old Designator=HD? New Designator=HD8
Change Component Designator: Old Designator=HD? New Designator=HD9
Change Component Designator: Old Designator=HD? New Designator=HD10
Change Component Designator: Old Designator=HD? New Designator=HD11
Change Component Designator: Old Designator=HD? New Designator=HD12
Change Component Designator: Old Designator=HD? New Designator=HD13
Change Component Designator: Old Designator=HD? New Designator=HD14
Change Component Designator: Old Designator=HD? New Designator=HD15
Change Component Designator: Old Designator=HD? New Designator=HD16
Change Component Designator: Old Designator=HD? New Designator=HD17
Change Component Designator: Old Designator=HD? New Designator=HD18
Change Component Designator: Old Designator=HD? New Designator=HD19
Change Component Designator: Old Designator=HD? New Designator=HD20
Change Component Designator: Old Designator=HD? New Designator=HD21
Change Component Designator: Old Designator=HD? New Designator=HD22
Change Component Designator: Old Designator=HD? New Designator=HD23
Change Component Designator: Old Designator=IC? New Designator=IC1
Change Component Designator: Old Designator=JDC? New Designator=JDC1
Change Component Designator: Old Designator=LED? New Designator=LED1
Change Component Designator: Old Designator=LED? New Designator=LED2
Change Component Designator: Old Designator=LED? New Designator=LED3
Change Component Designator: Old Designator=LED? New Designator=LED4
Change Component Designator: Old Designator=LED? New Designator=LED5
Change Component Designator: Old Designator=LED? New Designator=LED6
Change Component Designator: Old Designator=P? New Designator=P1
Change Component Designator: Old Designator=Q? New Designator=Q1
Change Component Designator: Old Designator=Q? New Designator=Q2
Change Component Designator: Old Designator=Q? New Designator=Q3
Change Component Designator: Old Designator=Q? New Designator=Q4
Change Component Designator: Old Designator=Q? New Designator=Q5
Change Component Designator: Old Designator=R? New Designator=R1
Change Component Designator: Old Designator=R? New Designator=R2
Change Component Designator: Old Designator=R? New Designator=R3
Change Component Designator: Old Designator=R? New Designator=R4
Change Component Designator: Old Designator=R? New Designator=R5
Change Component Designator: Old Designator=R? New Designator=R6
Change Component Designator: Old Designator=R? New Designator=R7
Change Component Designator: Old Designator=R? New Designator=R8
Change Component Designator: Old Designator=R? New Designator=R9
Change Component Designator: Old Designator=R? New Designator=R10
Change Component Designator: Old Designator=R? New Designator=R11
Change Component Designator: Old Designator=R? New Designator=R12
Change Component Designator: Old Designator=R? New Designator=R13
Change Component Designator: Old Designator=R? New Designator=R14
Change Component Designator: Old Designator=R? New Designator=R15
Change Component Designator: Old Designator=R? New Designator=R16
Change Component Designator: Old Designator=R? New Designator=R17
Change Component Designator: Old Designator=R? New Designator=R18
Change Component Designator: Old Designator=R? New Designator=R19
Change Component Designator: Old Designator=R? New Designator=R20
Change Component Designator: Old Designator=R? New Designator=R21
Change Component Designator: Old Designator=R? New Designator=R22
Change Component Designator: Old Designator=R? New Designator=R23
Change Component Designator: Old Designator=R? New Designator=R24
Change Component Designator: Old Designator=R? New Designator=R25
Change Component Designator: Old Designator=R? New Designator=R26
Change Component Designator: Old Designator=R? New Designator=R27
Change Component Designator: Old Designator=R? New Designator=R28
Change Component Designator: Old Designator=RL? New Designator=RL1
Change Component Designator: Old Designator=RL? New Designator=RL2
Change Component Designator: Old Designator=RL? New Designator=RL3
Change Component Designator: Old Designator=RL? New Designator=RL4
Change Component Designator: Old Designator=RL? New Designator=RL5
Change Component Designator: Old Designator=U? New Designator=U1
Change Component Designator: Old Designator=U? New Designator=U2
Change Component Designator: Old Designator=U? New Designator=U3
Change Component Designator: Old Designator=U? New Designator=U4
Change Component Designator: Old Designator=U? New Designator=U5
Change Component Designator: Old Designator=U? New Designator=U6
Change Component Designator: Old Designator=VR? New Designator=VR1
